2019-10-11 15:05:52 +0000  Initial pipeline context: <IDEDistributionProcessingPipelineContext: 0x7fa07df3ad40; archive(resolved)='<IDEArchive: 0x7fa074e66180>', distributionTask(resolved)='2', distributionDestination(resolved)='1', distributionMethod(resolved)='<IDEDistributionMethodDeveloperID: 0x7fa079809190>', team(resolved)='<IDEProvisioningDisambiguatableBasicTeam: 0x7fa08efbe110; teamID='X88CY268NZ', teamName='Pascal Balthrop', teamType='Individual', username='pascal@pascal.com', isFreeProvisioningTeam='0'>'>
	Chain (11, self inclusive):
	<IDEDistributionProcessingPipelineContext: 0x7fa07df3ad40; archive = '<IDEArchive: 0x7fa074e66180>', distributionMethod='<IDEDistributionMethodDeveloperID: 0x7fa079809190>', team='<IDEProvisioningDisambiguatableBasicTeam: 0x7fa08efbe110; teamID='X88CY268NZ', teamName='Pascal Balthrop', teamType='Individual', username='pascal@pascal.com', isFreeProvisioningTeam='0'>'>
	<IDEDistributionProcessingPipelineContext: 0x7fa0798814c0; archive = '<IDEArchive: 0x7fa074e66180>', distributionMethod='<IDEDistributionMethodDeveloperID: 0x7fa079809190>', team='<IDEProvisioningDisambiguatableBasicTeam: 0x7fa08efbe110; teamID='X88CY268NZ', teamName='Pascal Balthrop', teamType='Individual', username='pascal@pascal.com', isFreeProvisioningTeam='0'>'>
	<IDEDistributionContext: 0x7fa079b3ca50; archive = '<IDEArchive: 0x7fa074e66180>', distributionMethod='<IDEDistributionMethodDeveloperID: 0x7fa079809190>', team='<IDEProvisioningDisambiguatableBasicTeam: 0x7fa08efbe110; teamID='X88CY268NZ', teamName='Pascal Balthrop', teamType='Individual', username='pascal@pascal.com', isFreeProvisioningTeam='0'>'>
	<IDEDistributionContext: 0x7fa090f67740; archive = '<IDEArchive: 0x7fa074e66180>', distributionMethod='<IDEDistributionMethodDeveloperID: 0x7fa079809190>', team='<IDEProvisioningDisambiguatableBasicTeam: 0x7fa08efbe110; teamID='X88CY268NZ', teamName='Pascal Balthrop', teamType='Individual', username='pascal@pascal.com', isFreeProvisioningTeam='0'>'>
	<IDEDistributionContext: 0x7fa07a363f50; archive = '<IDEArchive: 0x7fa074e66180>', distributionMethod='<IDEDistributionMethodDeveloperID: 0x7fa079809190>', team='<IDEProvisioningDisambiguatableBasicTeam: 0x7fa08efbe110; teamID='X88CY268NZ', teamName='Pascal Balthrop', teamType='Individual', username='pascal@pascal.com', isFreeProvisioningTeam='0'>'>
	<IDEDistributionContext: 0x7fa07a4de9a0; archive = '<IDEArchive: 0x7fa074e66180>', distributionMethod='<IDEDistributionMethodDeveloperID: 0x7fa079809190>', team='<IDEProvisioningDisambiguatableBasicTeam: 0x7fa08efbe110; teamID='X88CY268NZ', teamName='Pascal Balthrop', teamType='Individual', username='pascal@pascal.com', isFreeProvisioningTeam='0'>'>
	<IDEDistributionContext: 0x7fa07b5d4080; archive = '<IDEArchive: 0x7fa074e66180>', distributionMethod='<IDEDistributionMethodDeveloperID: 0x7fa079809190>', team='<IDEProvisioningDisambiguatableBasicTeam: 0x7fa08efbe110; teamID='X88CY268NZ', teamName='Pascal Balthrop', teamType='Individual', username='pascal@pascal.com', isFreeProvisioningTeam='0'>'>
	<IDEDistributionContext: 0x7fa077bd7650; archive = '<IDEArchive: 0x7fa074e66180>', distributionMethod='<IDEDistributionMethodDeveloperID: 0x7fa079809190>', team='(null)'>
	<IDEDistributionContext: 0x7fa08e7189a0; archive = '<IDEArchive: 0x7fa074e66180>', distributionMethod='<IDEDistributionMethodDeveloperID: 0x7fa079809190>', team='(null)'>
	<IDEDistributionContext: 0x7fa07e479800; archive = '<IDEArchive: 0x7fa074e66180>', distributionMethod='<IDEDistributionMethodDeveloperID: 0x7fa079809190>', team='(null)'>
	<IDEDistributionContext: 0x7fa076429540; archive = '<IDEArchive: 0x7fa074e66180>', distributionMethod='(null)', team='(null)'>
</IDEDistributionProcessingPipelineContext: 0x7fa07df3ad40>
2019-10-11 15:05:52 +0000  Processing step: IDEDistributionCreateDestRootStep
2019-10-11 15:05:52 +0000  Processing step: IDEDistributionCopyItemStep
2019-10-11 15:05:52 +0000  Running /usr/bin/ditto '-V' '/Users/pascal/Library/Developer/Xcode/Archives/2019-10-11/Free Ruler 10-11-19, 1.08am.xcarchive/Products/Applications/Free Ruler.app' '/var/folders/83/prlhn3nn15n691ht3bfxltg80000gn/T/XcodeDistPipeline.~~~VfXgvB/Root/Applications/Free Ruler.app'
2019-10-11 15:05:52 +0000  >>> Copying /Users/pascal/Library/Developer/Xcode/Archives/2019-10-11/Free Ruler 10-11-19, 1.08am.xcarchive/Products/Applications/Free Ruler.app 
2019-10-11 15:05:52 +0000  copying file ./Contents/_CodeSignature/CodeResources ... 
2019-10-11 15:05:52 +0000  7537 bytes for ./Contents/_CodeSignature/CodeResources
2019-10-11 15:05:52 +0000  copying file ./Contents/MacOS/Free Ruler ... 
2019-10-11 15:05:52 +0000  172336 bytes for ./Contents/MacOS/Free Ruler
2019-10-11 15:05:52 +0000  copying file ./Contents/Resources/AppIcon.icns ... 
2019-10-11 15:05:52 +0000  56917 bytes for ./Contents/Resources/AppIcon.icns
2019-10-11 15:05:52 +0000  copying file ./Contents/Resources/Base.lproj/MainMenu.nib ... 
2019-10-11 15:05:52 +0000  12648 bytes for ./Contents/Resources/Base.lproj/MainMenu.nib
2019-10-11 15:05:52 +0000  copying file ./Contents/Resources/PreferencesController.nib ... 
2019-10-11 15:05:52 +0000  15035 bytes for ./Contents/Resources/PreferencesController.nib
copying file ./Contents/Resources/Assets.car ... 
2019-10-11 15:05:52 +0000  399912 bytes for ./Contents/Resources/Assets.car
2019-10-11 15:05:52 +0000  copying file ./Contents/Frameworks/libswiftAppKit.dylib ... 
2019-10-11 15:05:52 +0000  222496 bytes for ./Contents/Frameworks/libswiftAppKit.dylib
2019-10-11 15:05:52 +0000  copying file ./Contents/Frameworks/libswiftCoreImage.dylib ... 
2019-10-11 15:05:52 +0000  49856 bytes for ./Contents/Frameworks/libswiftCoreImage.dylib
copying file ./Contents/Frameworks/libswiftObjectiveC.dylib ... 
2019-10-11 15:05:52 +0000  62064 bytes for ./Contents/Frameworks/libswiftObjectiveC.dylib
copying file ./Contents/Frameworks/libswiftXPC.dylib ... 
2019-10-11 15:05:52 +0000  45536 bytes for ./Contents/Frameworks/libswiftXPC.dylib
copying file ./Contents/Frameworks/libswiftCore.dylib ... 
2019-10-11 15:05:52 +0000  6456112 bytes for ./Contents/Frameworks/libswiftCore.dylib
2019-10-11 15:05:52 +0000  copying file ./Contents/Frameworks/libswiftCoreGraphics.dylib ... 
190352 bytes for ./Contents/Frameworks/libswiftCoreGraphics.dylib
copying file ./Contents/Frameworks/libswiftMetal.dylib ... 
84720 bytes for ./Contents/Frameworks/libswiftMetal.dylib
copying file ./Contents/Frameworks/libswiftCoreData.dylib ... 
2019-10-11 15:05:52 +0000  98688 bytes for ./Contents/Frameworks/libswiftCoreData.dylib
copying file ./Contents/Frameworks/libswiftDispatch.dylib ... 
2019-10-11 15:05:52 +0000  328080 bytes for ./Contents/Frameworks/libswiftDispatch.dylib
copying file ./Contents/Frameworks/libswiftos.dylib ... 
2019-10-11 15:05:52 +0000  72160 bytes for ./Contents/Frameworks/libswiftos.dylib
copying file ./Contents/Frameworks/libswiftCoreFoundation.dylib ... 
2019-10-11 15:05:52 +0000  41920 bytes for ./Contents/Frameworks/libswiftCoreFoundation.dylib
copying file ./Contents/Frameworks/libswiftDarwin.dylib ... 
2019-10-11 15:05:52 +0000  98896 bytes for ./Contents/Frameworks/libswiftDarwin.dylib
copying file ./Contents/Frameworks/libswiftQuartzCore.dylib ... 
2019-10-11 15:05:52 +0000  58160 bytes for ./Contents/Frameworks/libswiftQuartzCore.dylib
copying file ./Contents/Frameworks/libswiftIOKit.dylib ... 
2019-10-11 15:05:52 +0000  45456 bytes for ./Contents/Frameworks/libswiftIOKit.dylib
2019-10-11 15:05:52 +0000  copying file ./Contents/Frameworks/libswiftFoundation.dylib ... 
2019-10-11 15:05:52 +0000  3163200 bytes for ./Contents/Frameworks/libswiftFoundation.dylib
2019-10-11 15:05:52 +0000  copying file ./Contents/Info.plist ... 
1604 bytes for ./Contents/Info.plist
copying file ./Contents/PkgInfo ... 
8 bytes for ./Contents/PkgInfo
2019-10-11 15:05:52 +0000  /usr/bin/ditto exited with 0
2019-10-11 15:05:52 +0000  Processing step: IDEDistributionEmbedProfileStep
2019-10-11 15:05:52 +0000  Skipping profile for item: <IDEDistributionItem: 0x7fa07a4b0520; bundleID='com.apple.dt.runtime.swiftAppKit', path='<DVTFilePath:0x7fa07dfddf60:'/Users/pascal/Library/Developer/Xcode/Archives/2019-10-11/Free Ruler 10-11-19, 1.08am.xcarchive/Products/Applications/Free Ruler.app/Contents/Frameworks/libswiftAppKit.dylib'>', codeSigningInfo='<_DVTCodeSigningInformation_Path: 0x7fa078091870; isSigned='1', isAdHocSigned='1', signingCertificate='(null)', entitlements='(null)', teamID='(null)', identifier='com.apple.dt.runtime.swiftAppKit', executablePath='<DVTFilePath:0x7fa07dfddf60:'/Users/pascal/Library/Developer/Xcode/Archives/2019-10-11/Free Ruler 10-11-19, 1.08am.xcarchive/Products/Applications/Free Ruler.app/Contents/Frameworks/libswiftAppKit.dylib'>', hardenedRuntime='0'>'>
2019-10-11 15:05:52 +0000  Skipping profile for item: <IDEDistributionItem: 0x7fa07a4c8860; bundleID='com.apple.dt.runtime.swiftCore', path='<DVTFilePath:0x7fa07e25a630:'/Users/pascal/Library/Developer/Xcode/Archives/2019-10-11/Free Ruler 10-11-19, 1.08am.xcarchive/Products/Applications/Free Ruler.app/Contents/Frameworks/libswiftCore.dylib'>', codeSigningInfo='<_DVTCodeSigningInformation_Path: 0x7fa07abbc310; isSigned='1', isAdHocSigned='1', signingCertificate='(null)', entitlements='(null)', teamID='(null)', identifier='com.apple.dt.runtime.swiftCore', executablePath='<DVTFilePath:0x7fa07e25a630:'/Users/pascal/Library/Developer/Xcode/Archives/2019-10-11/Free Ruler 10-11-19, 1.08am.xcarchive/Products/Applications/Free Ruler.app/Contents/Frameworks/libswiftCore.dylib'>', hardenedRuntime='0'>'>
2019-10-11 15:05:52 +0000  Skipping profile for item: <IDEDistributionItem: 0x7fa0911d8520; bundleID='com.apple.dt.runtime.swiftCoreData', path='<DVTFilePath:0x7fa07e25df60:'/Users/pascal/Library/Developer/Xcode/Archives/2019-10-11/Free Ruler 10-11-19, 1.08am.xcarchive/Products/Applications/Free Ruler.app/Contents/Frameworks/libswiftCoreData.dylib'>', codeSigningInfo='<_DVTCodeSigningInformation_Path: 0x7fa07e21cfc0; isSigned='1', isAdHocSigned='1', signingCertificate='(null)', entitlements='(null)', teamID='(null)', identifier='com.apple.dt.runtime.swiftCoreData', executablePath='<DVTFilePath:0x7fa07e25df60:'/Users/pascal/Library/Developer/Xcode/Archives/2019-10-11/Free Ruler 10-11-19, 1.08am.xcarchive/Products/Applications/Free Ruler.app/Contents/Frameworks/libswiftCoreData.dylib'>', hardenedRuntime='0'>'>
2019-10-11 15:05:52 +0000  Skipping profile for item: <IDEDistributionItem: 0x7fa08f5ccd20; bundleID='com.apple.dt.runtime.swiftCoreFoundation', path='<DVTFilePath:0x7fa07e2628d0:'/Users/pascal/Library/Developer/Xcode/Archives/2019-10-11/Free Ruler 10-11-19, 1.08am.xcarchive/Products/Applications/Free Ruler.app/Contents/Frameworks/libswiftCoreFoundation.dylib'>', codeSigningInfo='<_DVTCodeSigningInformation_Path: 0x7fa091190070; isSigned='1', isAdHocSigned='1', signingCertificate='(null)', entitlements='(null)', teamID='(null)', identifier='com.apple.dt.runtime.swiftCoreFoundation', executablePath='<DVTFilePath:0x7fa07e2628d0:'/Users/pascal/Library/Developer/Xcode/Archives/2019-10-11/Free Ruler 10-11-19, 1.08am.xcarchive/Products/Applications/Free Ruler.app/Contents/Frameworks/libswiftCoreFoundation.dylib'>', hardenedRuntime='0'>'>
2019-10-11 15:05:52 +0000  Skipping profile for item: <IDEDistributionItem: 0x7fa077d50c80; bundleID='com.apple.dt.runtime.swiftCoreGraphics', path='<DVTFilePath:0x7fa07e02c4a0:'/Users/pascal/Library/Developer/Xcode/Archives/2019-10-11/Free Ruler 10-11-19, 1.08am.xcarchive/Products/Applications/Free Ruler.app/Contents/Frameworks/libswiftCoreGraphics.dylib'>', codeSigningInfo='<_DVTCodeSigningInformation_Path: 0x7fa07e226c60; isSigned='1', isAdHocSigned='1', signingCertificate='(null)', entitlements='(null)', teamID='(null)', identifier='com.apple.dt.runtime.swiftCoreGraphics', executablePath='<DVTFilePath:0x7fa07e02c4a0:'/Users/pascal/Library/Developer/Xcode/Archives/2019-10-11/Free Ruler 10-11-19, 1.08am.xcarchive/Products/Applications/Free Ruler.app/Contents/Frameworks/libswiftCoreGraphics.dylib'>', hardenedRuntime='0'>'>
2019-10-11 15:05:52 +0000  Skipping profile for item: <IDEDistributionItem: 0x7fa0784ef720; bundleID='com.apple.dt.runtime.swiftCoreImage', path='<DVTFilePath:0x7fa07d12b1b0:'/Users/pascal/Library/Developer/Xcode/Archives/2019-10-11/Free Ruler 10-11-19, 1.08am.xcarchive/Products/Applications/Free Ruler.app/Contents/Frameworks/libswiftCoreImage.dylib'>', codeSigningInfo='<_DVTCodeSigningInformation_Path: 0x7fa07807ddb0; isSigned='1', isAdHocSigned='1', signingCertificate='(null)', entitlements='(null)', teamID='(null)', identifier='com.apple.dt.runtime.swiftCoreImage', executablePath='<DVTFilePath:0x7fa07d12b1b0:'/Users/pascal/Library/Developer/Xcode/Archives/2019-10-11/Free Ruler 10-11-19, 1.08am.xcarchive/Products/Applications/Free Ruler.app/Contents/Frameworks/libswiftCoreImage.dylib'>', hardenedRuntime='0'>'>
2019-10-11 15:05:52 +0000  Skipping profile for item: <IDEDistributionItem: 0x7fa078213af0; bundleID='com.apple.dt.runtime.swiftDarwin', path='<DVTFilePath:0x7fa07e25cee0:'/Users/pascal/Library/Developer/Xcode/Archives/2019-10-11/Free Ruler 10-11-19, 1.08am.xcarchive/Products/Applications/Free Ruler.app/Contents/Frameworks/libswiftDarwin.dylib'>', codeSigningInfo='<_DVTCodeSigningInformation_Path: 0x7fa077e28160; isSigned='1', isAdHocSigned='1', signingCertificate='(null)', entitlements='(null)', teamID='(null)', identifier='com.apple.dt.runtime.swiftDarwin', executablePath='<DVTFilePath:0x7fa07e25cee0:'/Users/pascal/Library/Developer/Xcode/Archives/2019-10-11/Free Ruler 10-11-19, 1.08am.xcarchive/Products/Applications/Free Ruler.app/Contents/Frameworks/libswiftDarwin.dylib'>', hardenedRuntime='0'>'>
2019-10-11 15:05:52 +0000  Skipping profile for item: <IDEDistributionItem: 0x7fa074dd42a0; bundleID='com.apple.dt.runtime.swiftDispatch', path='<DVTFilePath:0x7fa07e25f370:'/Users/pascal/Library/Developer/Xcode/Archives/2019-10-11/Free Ruler 10-11-19, 1.08am.xcarchive/Products/Applications/Free Ruler.app/Contents/Frameworks/libswiftDispatch.dylib'>', codeSigningInfo='<_DVTCodeSigningInformation_Path: 0x7fa07a7071c0; isSigned='1', isAdHocSigned='1', signingCertificate='(null)', entitlements='(null)', teamID='(null)', identifier='com.apple.dt.runtime.swiftDispatch', executablePath='<DVTFilePath:0x7fa07e25f370:'/Users/pascal/Library/Developer/Xcode/Archives/2019-10-11/Free Ruler 10-11-19, 1.08am.xcarchive/Products/Applications/Free Ruler.app/Contents/Frameworks/libswiftDispatch.dylib'>', hardenedRuntime='0'>'>
2019-10-11 15:05:52 +0000  Skipping profile for item: <IDEDistributionItem: 0x7fa07a4f9880; bundleID='com.apple.dt.runtime.swiftFoundation', path='<DVTFilePath:0x7fa07dea8910:'/Users/pascal/Library/Developer/Xcode/Archives/2019-10-11/Free Ruler 10-11-19, 1.08am.xcarchive/Products/Applications/Free Ruler.app/Contents/Frameworks/libswiftFoundation.dylib'>', codeSigningInfo='<_DVTCodeSigningInformation_Path: 0x7fa07a7806a0; isSigned='1', isAdHocSigned='1', signingCertificate='(null)', entitlements='(null)', teamID='(null)', identifier='com.apple.dt.runtime.swiftFoundation', executablePath='<DVTFilePath:0x7fa07dea8910:'/Users/pascal/Library/Developer/Xcode/Archives/2019-10-11/Free Ruler 10-11-19, 1.08am.xcarchive/Products/Applications/Free Ruler.app/Contents/Frameworks/libswiftFoundation.dylib'>', hardenedRuntime='0'>'>
2019-10-11 15:05:52 +0000  Skipping profile for item: <IDEDistributionItem: 0x7fa07ab27620; bundleID='com.apple.dt.runtime.swiftIOKit', path='<DVTFilePath:0x7fa07e266290:'/Users/pascal/Library/Developer/Xcode/Archives/2019-10-11/Free Ruler 10-11-19, 1.08am.xcarchive/Products/Applications/Free Ruler.app/Contents/Frameworks/libswiftIOKit.dylib'>', codeSigningInfo='<_DVTCodeSigningInformation_Path: 0x7fa07e24c070; isSigned='1', isAdHocSigned='1', signingCertificate='(null)', entitlements='(null)', teamID='(null)', identifier='com.apple.dt.runtime.swiftIOKit', executablePath='<DVTFilePath:0x7fa07e266290:'/Users/pascal/Library/Developer/Xcode/Archives/2019-10-11/Free Ruler 10-11-19, 1.08am.xcarchive/Products/Applications/Free Ruler.app/Contents/Frameworks/libswiftIOKit.dylib'>', hardenedRuntime='0'>'>
2019-10-11 15:05:52 +0000  Skipping profile for item: <IDEDistributionItem: 0x7fa078051460; bundleID='com.apple.dt.runtime.swiftMetal', path='<DVTFilePath:0x7fa07e25d080:'/Users/pascal/Library/Developer/Xcode/Archives/2019-10-11/Free Ruler 10-11-19, 1.08am.xcarchive/Products/Applications/Free Ruler.app/Contents/Frameworks/libswiftMetal.dylib'>', codeSigningInfo='<_DVTCodeSigningInformation_Path: 0x7fa07a3d1ec0; isSigned='1', isAdHocSigned='1', signingCertificate='(null)', entitlements='(null)', teamID='(null)', identifier='com.apple.dt.runtime.swiftMetal', executablePath='<DVTFilePath:0x7fa07e25d080:'/Users/pascal/Library/Developer/Xcode/Archives/2019-10-11/Free Ruler 10-11-19, 1.08am.xcarchive/Products/Applications/Free Ruler.app/Contents/Frameworks/libswiftMetal.dylib'>', hardenedRuntime='0'>'>
2019-10-11 15:05:52 +0000  Skipping profile for item: <IDEDistributionItem: 0x7fa07e227340; bundleID='com.apple.dt.runtime.swiftObjectiveC', path='<DVTFilePath:0x7fa07e2535d0:'/Users/pascal/Library/Developer/Xcode/Archives/2019-10-11/Free Ruler 10-11-19, 1.08am.xcarchive/Products/Applications/Free Ruler.app/Contents/Frameworks/libswiftObjectiveC.dylib'>', codeSigningInfo='<_DVTCodeSigningInformation_Path: 0x7fa07a47da50; isSigned='1', isAdHocSigned='1', signingCertificate='(null)', entitlements='(null)', teamID='(null)', identifier='com.apple.dt.runtime.swiftObjectiveC', executablePath='<DVTFilePath:0x7fa07e2535d0:'/Users/pascal/Library/Developer/Xcode/Archives/2019-10-11/Free Ruler 10-11-19, 1.08am.xcarchive/Products/Applications/Free Ruler.app/Contents/Frameworks/libswiftObjectiveC.dylib'>', hardenedRuntime='0'>'>
2019-10-11 15:05:52 +0000  Skipping profile for item: <IDEDistributionItem: 0x7fa08ea5c940; bundleID='com.apple.dt.runtime.swiftQuartzCore', path='<DVTFilePath:0x7fa07e2642a0:'/Users/pascal/Library/Developer/Xcode/Archives/2019-10-11/Free Ruler 10-11-19, 1.08am.xcarchive/Products/Applications/Free Ruler.app/Contents/Frameworks/libswiftQuartzCore.dylib'>', codeSigningInfo='<_DVTCodeSigningInformation_Path: 0x7fa077fa0f00; isSigned='1', isAdHocSigned='1', signingCertificate='(null)', entitlements='(null)', teamID='(null)', identifier='com.apple.dt.runtime.swiftQuartzCore', executablePath='<DVTFilePath:0x7fa07e2642a0:'/Users/pascal/Library/Developer/Xcode/Archives/2019-10-11/Free Ruler 10-11-19, 1.08am.xcarchive/Products/Applications/Free Ruler.app/Contents/Frameworks/libswiftQuartzCore.dylib'>', hardenedRuntime='0'>'>
2019-10-11 15:05:52 +0000  Skipping profile for item: <IDEDistributionItem: 0x7fa07dfd7350; bundleID='com.apple.dt.runtime.swiftXPC', path='<DVTFilePath:0x7fa07e253da0:'/Users/pascal/Library/Developer/Xcode/Archives/2019-10-11/Free Ruler 10-11-19, 1.08am.xcarchive/Products/Applications/Free Ruler.app/Contents/Frameworks/libswiftXPC.dylib'>', codeSigningInfo='<_DVTCodeSigningInformation_Path: 0x7fa0907b88e0; isSigned='1', isAdHocSigned='1', signingCertificate='(null)', entitlements='(null)', teamID='(null)', identifier='com.apple.dt.runtime.swiftXPC', executablePath='<DVTFilePath:0x7fa07e253da0:'/Users/pascal/Library/Developer/Xcode/Archives/2019-10-11/Free Ruler 10-11-19, 1.08am.xcarchive/Products/Applications/Free Ruler.app/Contents/Frameworks/libswiftXPC.dylib'>', hardenedRuntime='0'>'>
2019-10-11 15:05:52 +0000  Skipping profile for item: <IDEDistributionItem: 0x7fa08e7df6b0; bundleID='com.apple.dt.runtime.swiftos', path='<DVTFilePath:0x7fa07e2606e0:'/Users/pascal/Library/Developer/Xcode/Archives/2019-10-11/Free Ruler 10-11-19, 1.08am.xcarchive/Products/Applications/Free Ruler.app/Contents/Frameworks/libswiftos.dylib'>', codeSigningInfo='<_DVTCodeSigningInformation_Path: 0x7fa07ae0d570; isSigned='1', isAdHocSigned='1', signingCertificate='(null)', entitlements='(null)', teamID='(null)', identifier='com.apple.dt.runtime.swiftos', executablePath='<DVTFilePath:0x7fa07e2606e0:'/Users/pascal/Library/Developer/Xcode/Archives/2019-10-11/Free Ruler 10-11-19, 1.08am.xcarchive/Products/Applications/Free Ruler.app/Contents/Frameworks/libswiftos.dylib'>', hardenedRuntime='0'>'>
2019-10-11 15:05:52 +0000  Skipping profile for item: <IDEDistributionItem: 0x7fa07b301ff0; bundleID='com.pascal.freeruler', path='<DVTFilePath:0x7fa07e103e80:'/Users/pascal/Library/Developer/Xcode/Archives/2019-10-11/Free Ruler 10-11-19, 1.08am.xcarchive/Products/Applications/Free Ruler.app'>', codeSigningInfo='<_DVTCodeSigningInformation_Path: 0x7fa07a715ec0; isSigned='1', isAdHocSigned='1', signingCertificate='(null)', entitlements='{
    "com.apple.security.app-sandbox" = 1;
    "com.apple.security.files.user-selected.read-only" = 1;
}', teamID='(null)', identifier='com.pascal.freeruler', executablePath='<DVTFilePath:0x7fa07a8a4d40:'/Users/pascal/Library/Developer/Xcode/Archives/2019-10-11/Free Ruler 10-11-19, 1.08am.xcarchive/Products/Applications/Free Ruler.app/Contents/MacOS/Free Ruler'>', hardenedRuntime='0'>'>
2019-10-11 15:05:52 +0000  Processing step: IDEDistributionAppThinningPlistStep
2019-10-11 15:05:52 +0000  Processing step: IDEDistributionCompileBitcodeStep
2019-10-11 15:05:52 +0000  Skipping step: IDEDistributionCompileBitcodeStep because it said so
2019-10-11 15:05:52 +0000  Processing step: IDEDistributionCodeSlimmingStep
2019-10-11 15:05:52 +0000  Processing step: IDEDistributionCopyBCSymbolMapsStep
2019-10-11 15:05:52 +0000  Skipping step: IDEDistributionCopyBCSymbolMapsStep because it said so
2019-10-11 15:05:52 +0000  Skipping step: IDEDistributionCopyBCSymbolMapsStep because it said so
2019-10-11 15:05:52 +0000  Skipping step: IDEDistributionCopyBCSymbolMapsStep because it said so
2019-10-11 15:05:52 +0000  Skipping step: IDEDistributionCopyBCSymbolMapsStep because it said so
2019-10-11 15:05:52 +0000  Skipping step: IDEDistributionCopyBCSymbolMapsStep because it said so
2019-10-11 15:05:52 +0000  Skipping step: IDEDistributionCopyBCSymbolMapsStep because it said so
2019-10-11 15:05:52 +0000  Skipping step: IDEDistributionCopyBCSymbolMapsStep because it said so
2019-10-11 15:05:52 +0000  Skipping step: IDEDistributionCopyBCSymbolMapsStep because it said so
2019-10-11 15:05:52 +0000  Skipping step: IDEDistributionCopyBCSymbolMapsStep because it said so
2019-10-11 15:05:52 +0000  Skipping step: IDEDistributionCopyBCSymbolMapsStep because it said so
2019-10-11 15:05:52 +0000  Skipping step: IDEDistributionCopyBCSymbolMapsStep because it said so
2019-10-11 15:05:52 +0000  Skipping step: IDEDistributionCopyBCSymbolMapsStep because it said so
2019-10-11 15:05:52 +0000  Skipping step: IDEDistributionCopyBCSymbolMapsStep because it said so
2019-10-11 15:05:52 +0000  Skipping step: IDEDistributionCopyBCSymbolMapsStep because it said so
2019-10-11 15:05:52 +0000  Skipping step: IDEDistributionCopyBCSymbolMapsStep because it said so
2019-10-11 15:05:52 +0000  Skipping step: IDEDistributionCopyBCSymbolMapsStep because it said so
2019-10-11 15:05:52 +0000  Processing step: IDEDistributionSymbolsStep
2019-10-11 15:05:52 +0000  Skipping step: IDEDistributionSymbolsStep because it said so
2019-10-11 15:05:52 +0000  Skipping step: IDEDistributionSymbolsStep because it said so
2019-10-11 15:05:52 +0000  Skipping step: IDEDistributionSymbolsStep because it said so
2019-10-11 15:05:52 +0000  Skipping step: IDEDistributionSymbolsStep because it said so
2019-10-11 15:05:52 +0000  Skipping step: IDEDistributionSymbolsStep because it said so
2019-10-11 15:05:52 +0000  Skipping step: IDEDistributionSymbolsStep because it said so
2019-10-11 15:05:52 +0000  Skipping step: IDEDistributionSymbolsStep because it said so
2019-10-11 15:05:52 +0000  Skipping step: IDEDistributionSymbolsStep because it said so
2019-10-11 15:05:52 +0000  Skipping step: IDEDistributionSymbolsStep because it said so
2019-10-11 15:05:52 +0000  Skipping step: IDEDistributionSymbolsStep because it said so
2019-10-11 15:05:52 +0000  Skipping step: IDEDistributionSymbolsStep because it said so
2019-10-11 15:05:52 +0000  Skipping step: IDEDistributionSymbolsStep because it said so
2019-10-11 15:05:52 +0000  Skipping step: IDEDistributionSymbolsStep because it said so
2019-10-11 15:05:52 +0000  Skipping step: IDEDistributionSymbolsStep because it said so
2019-10-11 15:05:52 +0000  Skipping step: IDEDistributionSymbolsStep because it said so
2019-10-11 15:05:52 +0000  Skipping step: IDEDistributionSymbolsStep because it said so
2019-10-11 15:05:52 +0000  Processing step: IDEDistributionAppThinningStep
2019-10-11 15:05:52 +0000  Skipping step: IDEDistributionAppThinningStep because it said so
2019-10-11 15:05:52 +0000  Processing step: IDEDistributionArchThinningStep
2019-10-11 15:05:52 +0000  Running /Applications/Xcode.app/Contents/Developer/Toolchains/XcodeDefault.xctoolchain/usr/bin/lipo '/var/folders/83/prlhn3nn15n691ht3bfxltg80000gn/T/XcodeDistPipeline.~~~VfXgvB/Root/Applications/Free Ruler.app/Contents/Frameworks/libswiftAppKit.dylib' '-verify_arch' 'arm64e'
2019-10-11 15:05:52 +0000  /Applications/Xcode.app/Contents/Developer/Toolchains/XcodeDefault.xctoolchain/usr/bin/lipo exited with 1
2019-10-11 15:05:52 +0000  Skipping architecture thinning for item "libswiftAppKit.dylib" because arch "arm64e" wasn't found
2019-10-11 15:05:52 +0000  Running /Applications/Xcode.app/Contents/Developer/Toolchains/XcodeDefault.xctoolchain/usr/bin/lipo '/var/folders/83/prlhn3nn15n691ht3bfxltg80000gn/T/XcodeDistPipeline.~~~VfXgvB/Root/Applications/Free Ruler.app/Contents/Frameworks/libswiftCore.dylib' '-verify_arch' 'arm64e'
2019-10-11 15:05:52 +0000  /Applications/Xcode.app/Contents/Developer/Toolchains/XcodeDefault.xctoolchain/usr/bin/lipo exited with 1
2019-10-11 15:05:52 +0000  Skipping architecture thinning for item "libswiftCore.dylib" because arch "arm64e" wasn't found
2019-10-11 15:05:52 +0000  Running /Applications/Xcode.app/Contents/Developer/Toolchains/XcodeDefault.xctoolchain/usr/bin/lipo '/var/folders/83/prlhn3nn15n691ht3bfxltg80000gn/T/XcodeDistPipeline.~~~VfXgvB/Root/Applications/Free Ruler.app/Contents/Frameworks/libswiftCoreData.dylib' '-verify_arch' 'arm64e'
2019-10-11 15:05:52 +0000  /Applications/Xcode.app/Contents/Developer/Toolchains/XcodeDefault.xctoolchain/usr/bin/lipo exited with 1
2019-10-11 15:05:52 +0000  Skipping architecture thinning for item "libswiftCoreData.dylib" because arch "arm64e" wasn't found
2019-10-11 15:05:52 +0000  Running /Applications/Xcode.app/Contents/Developer/Toolchains/XcodeDefault.xctoolchain/usr/bin/lipo '/var/folders/83/prlhn3nn15n691ht3bfxltg80000gn/T/XcodeDistPipeline.~~~VfXgvB/Root/Applications/Free Ruler.app/Contents/Frameworks/libswiftCoreFoundation.dylib' '-verify_arch' 'arm64e'
2019-10-11 15:05:52 +0000  /Applications/Xcode.app/Contents/Developer/Toolchains/XcodeDefault.xctoolchain/usr/bin/lipo exited with 1
2019-10-11 15:05:52 +0000  Skipping architecture thinning for item "libswiftCoreFoundation.dylib" because arch "arm64e" wasn't found
2019-10-11 15:05:52 +0000  Running /Applications/Xcode.app/Contents/Developer/Toolchains/XcodeDefault.xctoolchain/usr/bin/lipo '/var/folders/83/prlhn3nn15n691ht3bfxltg80000gn/T/XcodeDistPipeline.~~~VfXgvB/Root/Applications/Free Ruler.app/Contents/Frameworks/libswiftCoreGraphics.dylib' '-verify_arch' 'arm64e'
2019-10-11 15:05:52 +0000  /Applications/Xcode.app/Contents/Developer/Toolchains/XcodeDefault.xctoolchain/usr/bin/lipo exited with 1
2019-10-11 15:05:52 +0000  Skipping architecture thinning for item "libswiftCoreGraphics.dylib" because arch "arm64e" wasn't found
2019-10-11 15:05:52 +0000  Running /Applications/Xcode.app/Contents/Developer/Toolchains/XcodeDefault.xctoolchain/usr/bin/lipo '/var/folders/83/prlhn3nn15n691ht3bfxltg80000gn/T/XcodeDistPipeline.~~~VfXgvB/Root/Applications/Free Ruler.app/Contents/Frameworks/libswiftCoreImage.dylib' '-verify_arch' 'arm64e'
2019-10-11 15:05:52 +0000  /Applications/Xcode.app/Contents/Developer/Toolchains/XcodeDefault.xctoolchain/usr/bin/lipo exited with 1
2019-10-11 15:05:52 +0000  Skipping architecture thinning for item "libswiftCoreImage.dylib" because arch "arm64e" wasn't found
2019-10-11 15:05:52 +0000  Running /Applications/Xcode.app/Contents/Developer/Toolchains/XcodeDefault.xctoolchain/usr/bin/lipo '/var/folders/83/prlhn3nn15n691ht3bfxltg80000gn/T/XcodeDistPipeline.~~~VfXgvB/Root/Applications/Free Ruler.app/Contents/Frameworks/libswiftDarwin.dylib' '-verify_arch' 'arm64e'
2019-10-11 15:05:52 +0000  /Applications/Xcode.app/Contents/Developer/Toolchains/XcodeDefault.xctoolchain/usr/bin/lipo exited with 1
2019-10-11 15:05:52 +0000  Skipping architecture thinning for item "libswiftDarwin.dylib" because arch "arm64e" wasn't found
2019-10-11 15:05:52 +0000  Running /Applications/Xcode.app/Contents/Developer/Toolchains/XcodeDefault.xctoolchain/usr/bin/lipo '/var/folders/83/prlhn3nn15n691ht3bfxltg80000gn/T/XcodeDistPipeline.~~~VfXgvB/Root/Applications/Free Ruler.app/Contents/Frameworks/libswiftDispatch.dylib' '-verify_arch' 'arm64e'
2019-10-11 15:05:52 +0000  /Applications/Xcode.app/Contents/Developer/Toolchains/XcodeDefault.xctoolchain/usr/bin/lipo exited with 1
2019-10-11 15:05:52 +0000  Skipping architecture thinning for item "libswiftDispatch.dylib" because arch "arm64e" wasn't found
2019-10-11 15:05:52 +0000  Running /Applications/Xcode.app/Contents/Developer/Toolchains/XcodeDefault.xctoolchain/usr/bin/lipo '/var/folders/83/prlhn3nn15n691ht3bfxltg80000gn/T/XcodeDistPipeline.~~~VfXgvB/Root/Applications/Free Ruler.app/Contents/Frameworks/libswiftFoundation.dylib' '-verify_arch' 'arm64e'
2019-10-11 15:05:52 +0000  /Applications/Xcode.app/Contents/Developer/Toolchains/XcodeDefault.xctoolchain/usr/bin/lipo exited with 1
2019-10-11 15:05:52 +0000  Skipping architecture thinning for item "libswiftFoundation.dylib" because arch "arm64e" wasn't found
2019-10-11 15:05:52 +0000  Running /Applications/Xcode.app/Contents/Developer/Toolchains/XcodeDefault.xctoolchain/usr/bin/lipo '/var/folders/83/prlhn3nn15n691ht3bfxltg80000gn/T/XcodeDistPipeline.~~~VfXgvB/Root/Applications/Free Ruler.app/Contents/Frameworks/libswiftIOKit.dylib' '-verify_arch' 'arm64e'
2019-10-11 15:05:52 +0000  /Applications/Xcode.app/Contents/Developer/Toolchains/XcodeDefault.xctoolchain/usr/bin/lipo exited with 1
2019-10-11 15:05:52 +0000  Skipping architecture thinning for item "libswiftIOKit.dylib" because arch "arm64e" wasn't found
2019-10-11 15:05:52 +0000  Running /Applications/Xcode.app/Contents/Developer/Toolchains/XcodeDefault.xctoolchain/usr/bin/lipo '/var/folders/83/prlhn3nn15n691ht3bfxltg80000gn/T/XcodeDistPipeline.~~~VfXgvB/Root/Applications/Free Ruler.app/Contents/Frameworks/libswiftMetal.dylib' '-verify_arch' 'arm64e'
2019-10-11 15:05:52 +0000  /Applications/Xcode.app/Contents/Developer/Toolchains/XcodeDefault.xctoolchain/usr/bin/lipo exited with 1
2019-10-11 15:05:52 +0000  Skipping architecture thinning for item "libswiftMetal.dylib" because arch "arm64e" wasn't found
2019-10-11 15:05:52 +0000  Running /Applications/Xcode.app/Contents/Developer/Toolchains/XcodeDefault.xctoolchain/usr/bin/lipo '/var/folders/83/prlhn3nn15n691ht3bfxltg80000gn/T/XcodeDistPipeline.~~~VfXgvB/Root/Applications/Free Ruler.app/Contents/Frameworks/libswiftObjectiveC.dylib' '-verify_arch' 'arm64e'
2019-10-11 15:05:52 +0000  /Applications/Xcode.app/Contents/Developer/Toolchains/XcodeDefault.xctoolchain/usr/bin/lipo exited with 1
2019-10-11 15:05:52 +0000  Skipping architecture thinning for item "libswiftObjectiveC.dylib" because arch "arm64e" wasn't found
2019-10-11 15:05:52 +0000  Running /Applications/Xcode.app/Contents/Developer/Toolchains/XcodeDefault.xctoolchain/usr/bin/lipo '/var/folders/83/prlhn3nn15n691ht3bfxltg80000gn/T/XcodeDistPipeline.~~~VfXgvB/Root/Applications/Free Ruler.app/Contents/Frameworks/libswiftQuartzCore.dylib' '-verify_arch' 'arm64e'
2019-10-11 15:05:52 +0000  /Applications/Xcode.app/Contents/Developer/Toolchains/XcodeDefault.xctoolchain/usr/bin/lipo exited with 1
2019-10-11 15:05:52 +0000  Skipping architecture thinning for item "libswiftQuartzCore.dylib" because arch "arm64e" wasn't found
2019-10-11 15:05:52 +0000  Running /Applications/Xcode.app/Contents/Developer/Toolchains/XcodeDefault.xctoolchain/usr/bin/lipo '/var/folders/83/prlhn3nn15n691ht3bfxltg80000gn/T/XcodeDistPipeline.~~~VfXgvB/Root/Applications/Free Ruler.app/Contents/Frameworks/libswiftXPC.dylib' '-verify_arch' 'arm64e'
2019-10-11 15:05:52 +0000  /Applications/Xcode.app/Contents/Developer/Toolchains/XcodeDefault.xctoolchain/usr/bin/lipo exited with 1
2019-10-11 15:05:52 +0000  Skipping architecture thinning for item "libswiftXPC.dylib" because arch "arm64e" wasn't found
2019-10-11 15:05:52 +0000  Running /Applications/Xcode.app/Contents/Developer/Toolchains/XcodeDefault.xctoolchain/usr/bin/lipo '/var/folders/83/prlhn3nn15n691ht3bfxltg80000gn/T/XcodeDistPipeline.~~~VfXgvB/Root/Applications/Free Ruler.app/Contents/Frameworks/libswiftos.dylib' '-verify_arch' 'arm64e'
2019-10-11 15:05:52 +0000  /Applications/Xcode.app/Contents/Developer/Toolchains/XcodeDefault.xctoolchain/usr/bin/lipo exited with 1
2019-10-11 15:05:52 +0000  Skipping architecture thinning for item "libswiftos.dylib" because arch "arm64e" wasn't found
2019-10-11 15:05:52 +0000  Running /Applications/Xcode.app/Contents/Developer/Toolchains/XcodeDefault.xctoolchain/usr/bin/lipo '/var/folders/83/prlhn3nn15n691ht3bfxltg80000gn/T/XcodeDistPipeline.~~~VfXgvB/Root/Applications/Free Ruler.app/Contents/MacOS/Free Ruler' '-verify_arch' 'arm64e'
2019-10-11 15:05:52 +0000  /Applications/Xcode.app/Contents/Developer/Toolchains/XcodeDefault.xctoolchain/usr/bin/lipo exited with 1
2019-10-11 15:05:52 +0000  Skipping architecture thinning for item "Free Ruler" because arch "arm64e" wasn't found
2019-10-11 15:05:52 +0000  Processing step: IDEDistributionODRStep
2019-10-11 15:05:52 +0000  Processing step: IDEDistributionStripXattrsStep
2019-10-11 15:05:52 +0000  Skipping stripping extended attributes of item: <IDEDistributionItem: 0x7fa07a4b0520; bundleID='com.apple.dt.runtime.swiftAppKit', path='<DVTFilePath:0x7fa07dfddf60:'/Users/pascal/Library/Developer/Xcode/Archives/2019-10-11/Free Ruler 10-11-19, 1.08am.xcarchive/Products/Applications/Free Ruler.app/Contents/Frameworks/libswiftAppKit.dylib'>', codeSigningInfo='<_DVTCodeSigningInformation_Path: 0x7fa078091870; isSigned='1', isAdHocSigned='1', signingCertificate='(null)', entitlements='(null)', teamID='(null)', identifier='com.apple.dt.runtime.swiftAppKit', executablePath='<DVTFilePath:0x7fa07dfddf60:'/Users/pascal/Library/Developer/Xcode/Archives/2019-10-11/Free Ruler 10-11-19, 1.08am.xcarchive/Products/Applications/Free Ruler.app/Contents/Frameworks/libswiftAppKit.dylib'>', hardenedRuntime='0'>'>
2019-10-11 15:05:52 +0000  Skipping stripping extended attributes of item: <IDEDistributionItem: 0x7fa07a4c8860; bundleID='com.apple.dt.runtime.swiftCore', path='<DVTFilePath:0x7fa07e25a630:'/Users/pascal/Library/Developer/Xcode/Archives/2019-10-11/Free Ruler 10-11-19, 1.08am.xcarchive/Products/Applications/Free Ruler.app/Contents/Frameworks/libswiftCore.dylib'>', codeSigningInfo='<_DVTCodeSigningInformation_Path: 0x7fa07abbc310; isSigned='1', isAdHocSigned='1', signingCertificate='(null)', entitlements='(null)', teamID='(null)', identifier='com.apple.dt.runtime.swiftCore', executablePath='<DVTFilePath:0x7fa07e25a630:'/Users/pascal/Library/Developer/Xcode/Archives/2019-10-11/Free Ruler 10-11-19, 1.08am.xcarchive/Products/Applications/Free Ruler.app/Contents/Frameworks/libswiftCore.dylib'>', hardenedRuntime='0'>'>
2019-10-11 15:05:52 +0000  Skipping stripping extended attributes of item: <IDEDistributionItem: 0x7fa0911d8520; bundleID='com.apple.dt.runtime.swiftCoreData', path='<DVTFilePath:0x7fa07e25df60:'/Users/pascal/Library/Developer/Xcode/Archives/2019-10-11/Free Ruler 10-11-19, 1.08am.xcarchive/Products/Applications/Free Ruler.app/Contents/Frameworks/libswiftCoreData.dylib'>', codeSigningInfo='<_DVTCodeSigningInformation_Path: 0x7fa07e21cfc0; isSigned='1', isAdHocSigned='1', signingCertificate='(null)', entitlements='(null)', teamID='(null)', identifier='com.apple.dt.runtime.swiftCoreData', executablePath='<DVTFilePath:0x7fa07e25df60:'/Users/pascal/Library/Developer/Xcode/Archives/2019-10-11/Free Ruler 10-11-19, 1.08am.xcarchive/Products/Applications/Free Ruler.app/Contents/Frameworks/libswiftCoreData.dylib'>', hardenedRuntime='0'>'>
2019-10-11 15:05:52 +0000  Skipping stripping extended attributes of item: <IDEDistributionItem: 0x7fa08f5ccd20; bundleID='com.apple.dt.runtime.swiftCoreFoundation', path='<DVTFilePath:0x7fa07e2628d0:'/Users/pascal/Library/Developer/Xcode/Archives/2019-10-11/Free Ruler 10-11-19, 1.08am.xcarchive/Products/Applications/Free Ruler.app/Contents/Frameworks/libswiftCoreFoundation.dylib'>', codeSigningInfo='<_DVTCodeSigningInformation_Path: 0x7fa091190070; isSigned='1', isAdHocSigned='1', signingCertificate='(null)', entitlements='(null)', teamID='(null)', identifier='com.apple.dt.runtime.swiftCoreFoundation', executablePath='<DVTFilePath:0x7fa07e2628d0:'/Users/pascal/Library/Developer/Xcode/Archives/2019-10-11/Free Ruler 10-11-19, 1.08am.xcarchive/Products/Applications/Free Ruler.app/Contents/Frameworks/libswiftCoreFoundation.dylib'>', hardenedRuntime='0'>'>
2019-10-11 15:05:52 +0000  Skipping stripping extended attributes of item: <IDEDistributionItem: 0x7fa077d50c80; bundleID='com.apple.dt.runtime.swiftCoreGraphics', path='<DVTFilePath:0x7fa07e02c4a0:'/Users/pascal/Library/Developer/Xcode/Archives/2019-10-11/Free Ruler 10-11-19, 1.08am.xcarchive/Products/Applications/Free Ruler.app/Contents/Frameworks/libswiftCoreGraphics.dylib'>', codeSigningInfo='<_DVTCodeSigningInformation_Path: 0x7fa07e226c60; isSigned='1', isAdHocSigned='1', signingCertificate='(null)', entitlements='(null)', teamID='(null)', identifier='com.apple.dt.runtime.swiftCoreGraphics', executablePath='<DVTFilePath:0x7fa07e02c4a0:'/Users/pascal/Library/Developer/Xcode/Archives/2019-10-11/Free Ruler 10-11-19, 1.08am.xcarchive/Products/Applications/Free Ruler.app/Contents/Frameworks/libswiftCoreGraphics.dylib'>', hardenedRuntime='0'>'>
2019-10-11 15:05:52 +0000  Skipping stripping extended attributes of item: <IDEDistributionItem: 0x7fa0784ef720; bundleID='com.apple.dt.runtime.swiftCoreImage', path='<DVTFilePath:0x7fa07d12b1b0:'/Users/pascal/Library/Developer/Xcode/Archives/2019-10-11/Free Ruler 10-11-19, 1.08am.xcarchive/Products/Applications/Free Ruler.app/Contents/Frameworks/libswiftCoreImage.dylib'>', codeSigningInfo='<_DVTCodeSigningInformation_Path: 0x7fa07807ddb0; isSigned='1', isAdHocSigned='1', signingCertificate='(null)', entitlements='(null)', teamID='(null)', identifier='com.apple.dt.runtime.swiftCoreImage', executablePath='<DVTFilePath:0x7fa07d12b1b0:'/Users/pascal/Library/Developer/Xcode/Archives/2019-10-11/Free Ruler 10-11-19, 1.08am.xcarchive/Products/Applications/Free Ruler.app/Contents/Frameworks/libswiftCoreImage.dylib'>', hardenedRuntime='0'>'>
2019-10-11 15:05:52 +0000  Skipping stripping extended attributes of item: <IDEDistributionItem: 0x7fa078213af0; bundleID='com.apple.dt.runtime.swiftDarwin', path='<DVTFilePath:0x7fa07e25cee0:'/Users/pascal/Library/Developer/Xcode/Archives/2019-10-11/Free Ruler 10-11-19, 1.08am.xcarchive/Products/Applications/Free Ruler.app/Contents/Frameworks/libswiftDarwin.dylib'>', codeSigningInfo='<_DVTCodeSigningInformation_Path: 0x7fa077e28160; isSigned='1', isAdHocSigned='1', signingCertificate='(null)', entitlements='(null)', teamID='(null)', identifier='com.apple.dt.runtime.swiftDarwin', executablePath='<DVTFilePath:0x7fa07e25cee0:'/Users/pascal/Library/Developer/Xcode/Archives/2019-10-11/Free Ruler 10-11-19, 1.08am.xcarchive/Products/Applications/Free Ruler.app/Contents/Frameworks/libswiftDarwin.dylib'>', hardenedRuntime='0'>'>
2019-10-11 15:05:52 +0000  Skipping stripping extended attributes of item: <IDEDistributionItem: 0x7fa074dd42a0; bundleID='com.apple.dt.runtime.swiftDispatch', path='<DVTFilePath:0x7fa07e25f370:'/Users/pascal/Library/Developer/Xcode/Archives/2019-10-11/Free Ruler 10-11-19, 1.08am.xcarchive/Products/Applications/Free Ruler.app/Contents/Frameworks/libswiftDispatch.dylib'>', codeSigningInfo='<_DVTCodeSigningInformation_Path: 0x7fa07a7071c0; isSigned='1', isAdHocSigned='1', signingCertificate='(null)', entitlements='(null)', teamID='(null)', identifier='com.apple.dt.runtime.swiftDispatch', executablePath='<DVTFilePath:0x7fa07e25f370:'/Users/pascal/Library/Developer/Xcode/Archives/2019-10-11/Free Ruler 10-11-19, 1.08am.xcarchive/Products/Applications/Free Ruler.app/Contents/Frameworks/libswiftDispatch.dylib'>', hardenedRuntime='0'>'>
2019-10-11 15:05:52 +0000  Skipping stripping extended attributes of item: <IDEDistributionItem: 0x7fa07a4f9880; bundleID='com.apple.dt.runtime.swiftFoundation', path='<DVTFilePath:0x7fa07dea8910:'/Users/pascal/Library/Developer/Xcode/Archives/2019-10-11/Free Ruler 10-11-19, 1.08am.xcarchive/Products/Applications/Free Ruler.app/Contents/Frameworks/libswiftFoundation.dylib'>', codeSigningInfo='<_DVTCodeSigningInformation_Path: 0x7fa07a7806a0; isSigned='1', isAdHocSigned='1', signingCertificate='(null)', entitlements='(null)', teamID='(null)', identifier='com.apple.dt.runtime.swiftFoundation', executablePath='<DVTFilePath:0x7fa07dea8910:'/Users/pascal/Library/Developer/Xcode/Archives/2019-10-11/Free Ruler 10-11-19, 1.08am.xcarchive/Products/Applications/Free Ruler.app/Contents/Frameworks/libswiftFoundation.dylib'>', hardenedRuntime='0'>'>
2019-10-11 15:05:52 +0000  Skipping stripping extended attributes of item: <IDEDistributionItem: 0x7fa07ab27620; bundleID='com.apple.dt.runtime.swiftIOKit', path='<DVTFilePath:0x7fa07e266290:'/Users/pascal/Library/Developer/Xcode/Archives/2019-10-11/Free Ruler 10-11-19, 1.08am.xcarchive/Products/Applications/Free Ruler.app/Contents/Frameworks/libswiftIOKit.dylib'>', codeSigningInfo='<_DVTCodeSigningInformation_Path: 0x7fa07e24c070; isSigned='1', isAdHocSigned='1', signingCertificate='(null)', entitlements='(null)', teamID='(null)', identifier='com.apple.dt.runtime.swiftIOKit', executablePath='<DVTFilePath:0x7fa07e266290:'/Users/pascal/Library/Developer/Xcode/Archives/2019-10-11/Free Ruler 10-11-19, 1.08am.xcarchive/Products/Applications/Free Ruler.app/Contents/Frameworks/libswiftIOKit.dylib'>', hardenedRuntime='0'>'>
2019-10-11 15:05:52 +0000  Skipping stripping extended attributes of item: <IDEDistributionItem: 0x7fa078051460; bundleID='com.apple.dt.runtime.swiftMetal', path='<DVTFilePath:0x7fa07e25d080:'/Users/pascal/Library/Developer/Xcode/Archives/2019-10-11/Free Ruler 10-11-19, 1.08am.xcarchive/Products/Applications/Free Ruler.app/Contents/Frameworks/libswiftMetal.dylib'>', codeSigningInfo='<_DVTCodeSigningInformation_Path: 0x7fa07a3d1ec0; isSigned='1', isAdHocSigned='1', signingCertificate='(null)', entitlements='(null)', teamID='(null)', identifier='com.apple.dt.runtime.swiftMetal', executablePath='<DVTFilePath:0x7fa07e25d080:'/Users/pascal/Library/Developer/Xcode/Archives/2019-10-11/Free Ruler 10-11-19, 1.08am.xcarchive/Products/Applications/Free Ruler.app/Contents/Frameworks/libswiftMetal.dylib'>', hardenedRuntime='0'>'>
2019-10-11 15:05:52 +0000  Skipping stripping extended attributes of item: <IDEDistributionItem: 0x7fa07e227340; bundleID='com.apple.dt.runtime.swiftObjectiveC', path='<DVTFilePath:0x7fa07e2535d0:'/Users/pascal/Library/Developer/Xcode/Archives/2019-10-11/Free Ruler 10-11-19, 1.08am.xcarchive/Products/Applications/Free Ruler.app/Contents/Frameworks/libswiftObjectiveC.dylib'>', codeSigningInfo='<_DVTCodeSigningInformation_Path: 0x7fa07a47da50; isSigned='1', isAdHocSigned='1', signingCertificate='(null)', entitlements='(null)', teamID='(null)', identifier='com.apple.dt.runtime.swiftObjectiveC', executablePath='<DVTFilePath:0x7fa07e2535d0:'/Users/pascal/Library/Developer/Xcode/Archives/2019-10-11/Free Ruler 10-11-19, 1.08am.xcarchive/Products/Applications/Free Ruler.app/Contents/Frameworks/libswiftObjectiveC.dylib'>', hardenedRuntime='0'>'>
2019-10-11 15:05:52 +0000  Skipping stripping extended attributes of item: <IDEDistributionItem: 0x7fa08ea5c940; bundleID='com.apple.dt.runtime.swiftQuartzCore', path='<DVTFilePath:0x7fa07e2642a0:'/Users/pascal/Library/Developer/Xcode/Archives/2019-10-11/Free Ruler 10-11-19, 1.08am.xcarchive/Products/Applications/Free Ruler.app/Contents/Frameworks/libswiftQuartzCore.dylib'>', codeSigningInfo='<_DVTCodeSigningInformation_Path: 0x7fa077fa0f00; isSigned='1', isAdHocSigned='1', signingCertificate='(null)', entitlements='(null)', teamID='(null)', identifier='com.apple.dt.runtime.swiftQuartzCore', executablePath='<DVTFilePath:0x7fa07e2642a0:'/Users/pascal/Library/Developer/Xcode/Archives/2019-10-11/Free Ruler 10-11-19, 1.08am.xcarchive/Products/Applications/Free Ruler.app/Contents/Frameworks/libswiftQuartzCore.dylib'>', hardenedRuntime='0'>'>
2019-10-11 15:05:52 +0000  Skipping stripping extended attributes of item: <IDEDistributionItem: 0x7fa07dfd7350; bundleID='com.apple.dt.runtime.swiftXPC', path='<DVTFilePath:0x7fa07e253da0:'/Users/pascal/Library/Developer/Xcode/Archives/2019-10-11/Free Ruler 10-11-19, 1.08am.xcarchive/Products/Applications/Free Ruler.app/Contents/Frameworks/libswiftXPC.dylib'>', codeSigningInfo='<_DVTCodeSigningInformation_Path: 0x7fa0907b88e0; isSigned='1', isAdHocSigned='1', signingCertificate='(null)', entitlements='(null)', teamID='(null)', identifier='com.apple.dt.runtime.swiftXPC', executablePath='<DVTFilePath:0x7fa07e253da0:'/Users/pascal/Library/Developer/Xcode/Archives/2019-10-11/Free Ruler 10-11-19, 1.08am.xcarchive/Products/Applications/Free Ruler.app/Contents/Frameworks/libswiftXPC.dylib'>', hardenedRuntime='0'>'>
2019-10-11 15:05:52 +0000  Skipping stripping extended attributes of item: <IDEDistributionItem: 0x7fa08e7df6b0; bundleID='com.apple.dt.runtime.swiftos', path='<DVTFilePath:0x7fa07e2606e0:'/Users/pascal/Library/Developer/Xcode/Archives/2019-10-11/Free Ruler 10-11-19, 1.08am.xcarchive/Products/Applications/Free Ruler.app/Contents/Frameworks/libswiftos.dylib'>', codeSigningInfo='<_DVTCodeSigningInformation_Path: 0x7fa07ae0d570; isSigned='1', isAdHocSigned='1', signingCertificate='(null)', entitlements='(null)', teamID='(null)', identifier='com.apple.dt.runtime.swiftos', executablePath='<DVTFilePath:0x7fa07e2606e0:'/Users/pascal/Library/Developer/Xcode/Archives/2019-10-11/Free Ruler 10-11-19, 1.08am.xcarchive/Products/Applications/Free Ruler.app/Contents/Frameworks/libswiftos.dylib'>', hardenedRuntime='0'>'>
2019-10-11 15:05:52 +0000  Running /usr/bin/xattr '-crs' '/var/folders/83/prlhn3nn15n691ht3bfxltg80000gn/T/XcodeDistPipeline.~~~VfXgvB/Root/Applications/Free Ruler.app'
2019-10-11 15:05:52 +0000  /usr/bin/xattr exited with 0
2019-10-11 15:05:52 +0000  Processing step: IDEDistributionCodesignStep
2019-10-11 15:05:52 +0000  Entitlements for <IDEDistributionItem: 0x7fa07a4b0520; bundleID='com.apple.dt.runtime.swiftAppKit', path='<DVTFilePath:0x7fa07dfddf60:'/Users/pascal/Library/Developer/Xcode/Archives/2019-10-11/Free Ruler 10-11-19, 1.08am.xcarchive/Products/Applications/Free Ruler.app/Contents/Frameworks/libswiftAppKit.dylib'>', codeSigningInfo='<_DVTCodeSigningInformation_Path: 0x7fa078091870; isSigned='1', isAdHocSigned='1', signingCertificate='(null)', entitlements='(null)', teamID='(null)', identifier='com.apple.dt.runtime.swiftAppKit', executablePath='<DVTFilePath:0x7fa07dfddf60:'/Users/pascal/Library/Developer/Xcode/Archives/2019-10-11/Free Ruler 10-11-19, 1.08am.xcarchive/Products/Applications/Free Ruler.app/Contents/Frameworks/libswiftAppKit.dylib'>', hardenedRuntime='0'>'>: {
}
2019-10-11 15:05:52 +0000  Writing entitlements for <IDEDistributionItem: 0x7fa07a4b0520; bundleID='com.apple.dt.runtime.swiftAppKit', path='<DVTFilePath:0x7fa07dfddf60:'/Users/pascal/Library/Developer/Xcode/Archives/2019-10-11/Free Ruler 10-11-19, 1.08am.xcarchive/Products/Applications/Free Ruler.app/Contents/Frameworks/libswiftAppKit.dylib'>', codeSigningInfo='<_DVTCodeSigningInformation_Path: 0x7fa078091870; isSigned='1', isAdHocSigned='1', signingCertificate='(null)', entitlements='(null)', teamID='(null)', identifier='com.apple.dt.runtime.swiftAppKit', executablePath='<DVTFilePath:0x7fa07dfddf60:'/Users/pascal/Library/Developer/Xcode/Archives/2019-10-11/Free Ruler 10-11-19, 1.08am.xcarchive/Products/Applications/Free Ruler.app/Contents/Frameworks/libswiftAppKit.dylib'>', hardenedRuntime='0'>'> to: /var/folders/83/prlhn3nn15n691ht3bfxltg80000gn/T/XcodeDistPipeline.~~~VfXgvB/entitlements~~~nI5buB
2019-10-11 15:05:52 +0000  Running /usr/bin/codesign '-vvv' '--force' '--sign' 'C8A8FDB4C5BBDC72DEA8FC1E98F26BF1AA45A4BA' '--entitlements' '/var/folders/83/prlhn3nn15n691ht3bfxltg80000gn/T/XcodeDistPipeline.~~~VfXgvB/entitlements~~~nI5buB' '--preserve-metadata=identifier,flags,runtime' '--requirements' '=designated => anchor apple generic  and identifier "$self.identifier" and ((cert leaf[field.1.2.840.113635.100.6.1.9] exists) or ( certificate 1[field.1.2.840.113635.100.6.2.6] exists and certificate leaf[field.1.2.840.113635.100.6.1.13] exists  and certificate leaf[subject.OU] = "X88CY268NZ" ))' '/var/folders/83/prlhn3nn15n691ht3bfxltg80000gn/T/XcodeDistPipeline.~~~VfXgvB/Root/Applications/Free Ruler.app/Contents/Frameworks/libswiftAppKit.dylib'
2019-10-11 15:05:52 +0000  /var/folders/83/prlhn3nn15n691ht3bfxltg80000gn/T/XcodeDistPipeline.~~~VfXgvB/Root/Applications/Free Ruler.app/Contents/Frameworks/libswiftAppKit.dylib: replacing existing signature
2019-10-11 15:05:58 +0000  /var/folders/83/prlhn3nn15n691ht3bfxltg80000gn/T/XcodeDistPipeline.~~~VfXgvB/Root/Applications/Free Ruler.app/Contents/Frameworks/libswiftAppKit.dylib: signed Mach-O thin (x86_64) [com.apple.dt.runtime.swiftAppKit]
2019-10-11 15:05:58 +0000  /usr/bin/codesign exited with 0
2019-10-11 15:05:58 +0000  Entitlements for <IDEDistributionItem: 0x7fa07a4c8860; bundleID='com.apple.dt.runtime.swiftCore', path='<DVTFilePath:0x7fa07e25a630:'/Users/pascal/Library/Developer/Xcode/Archives/2019-10-11/Free Ruler 10-11-19, 1.08am.xcarchive/Products/Applications/Free Ruler.app/Contents/Frameworks/libswiftCore.dylib'>', codeSigningInfo='<_DVTCodeSigningInformation_Path: 0x7fa07abbc310; isSigned='1', isAdHocSigned='1', signingCertificate='(null)', entitlements='(null)', teamID='(null)', identifier='com.apple.dt.runtime.swiftCore', executablePath='<DVTFilePath:0x7fa07e25a630:'/Users/pascal/Library/Developer/Xcode/Archives/2019-10-11/Free Ruler 10-11-19, 1.08am.xcarchive/Products/Applications/Free Ruler.app/Contents/Frameworks/libswiftCore.dylib'>', hardenedRuntime='0'>'>: {
}
2019-10-11 15:05:58 +0000  Writing entitlements for <IDEDistributionItem: 0x7fa07a4c8860; bundleID='com.apple.dt.runtime.swiftCore', path='<DVTFilePath:0x7fa07e25a630:'/Users/pascal/Library/Developer/Xcode/Archives/2019-10-11/Free Ruler 10-11-19, 1.08am.xcarchive/Products/Applications/Free Ruler.app/Contents/Frameworks/libswiftCore.dylib'>', codeSigningInfo='<_DVTCodeSigningInformation_Path: 0x7fa07abbc310; isSigned='1', isAdHocSigned='1', signingCertificate='(null)', entitlements='(null)', teamID='(null)', identifier='com.apple.dt.runtime.swiftCore', executablePath='<DVTFilePath:0x7fa07e25a630:'/Users/pascal/Library/Developer/Xcode/Archives/2019-10-11/Free Ruler 10-11-19, 1.08am.xcarchive/Products/Applications/Free Ruler.app/Contents/Frameworks/libswiftCore.dylib'>', hardenedRuntime='0'>'> to: /var/folders/83/prlhn3nn15n691ht3bfxltg80000gn/T/XcodeDistPipeline.~~~VfXgvB/entitlements~~~ARMpEA
2019-10-11 15:05:58 +0000  Running /usr/bin/codesign '-vvv' '--force' '--sign' 'C8A8FDB4C5BBDC72DEA8FC1E98F26BF1AA45A4BA' '--entitlements' '/var/folders/83/prlhn3nn15n691ht3bfxltg80000gn/T/XcodeDistPipeline.~~~VfXgvB/entitlements~~~ARMpEA' '--preserve-metadata=identifier,flags,runtime' '--requirements' '=designated => anchor apple generic  and identifier "$self.identifier" and ((cert leaf[field.1.2.840.113635.100.6.1.9] exists) or ( certificate 1[field.1.2.840.113635.100.6.2.6] exists and certificate leaf[field.1.2.840.113635.100.6.1.13] exists  and certificate leaf[subject.OU] = "X88CY268NZ" ))' '/var/folders/83/prlhn3nn15n691ht3bfxltg80000gn/T/XcodeDistPipeline.~~~VfXgvB/Root/Applications/Free Ruler.app/Contents/Frameworks/libswiftCore.dylib'
2019-10-11 15:05:58 +0000  /var/folders/83/prlhn3nn15n691ht3bfxltg80000gn/T/XcodeDistPipeline.~~~VfXgvB/Root/Applications/Free Ruler.app/Contents/Frameworks/libswiftCore.dylib: replacing existing signature
2019-10-11 15:05:58 +0000  /var/folders/83/prlhn3nn15n691ht3bfxltg80000gn/T/XcodeDistPipeline.~~~VfXgvB/Root/Applications/Free Ruler.app/Contents/Frameworks/libswiftCore.dylib: signed Mach-O thin (x86_64) [com.apple.dt.runtime.swiftCore]
2019-10-11 15:05:58 +0000  /usr/bin/codesign exited with 0
2019-10-11 15:05:58 +0000  Entitlements for <IDEDistributionItem: 0x7fa0911d8520; bundleID='com.apple.dt.runtime.swiftCoreData', path='<DVTFilePath:0x7fa07e25df60:'/Users/pascal/Library/Developer/Xcode/Archives/2019-10-11/Free Ruler 10-11-19, 1.08am.xcarchive/Products/Applications/Free Ruler.app/Contents/Frameworks/libswiftCoreData.dylib'>', codeSigningInfo='<_DVTCodeSigningInformation_Path: 0x7fa07e21cfc0; isSigned='1', isAdHocSigned='1', signingCertificate='(null)', entitlements='(null)', teamID='(null)', identifier='com.apple.dt.runtime.swiftCoreData', executablePath='<DVTFilePath:0x7fa07e25df60:'/Users/pascal/Library/Developer/Xcode/Archives/2019-10-11/Free Ruler 10-11-19, 1.08am.xcarchive/Products/Applications/Free Ruler.app/Contents/Frameworks/libswiftCoreData.dylib'>', hardenedRuntime='0'>'>: {
}
2019-10-11 15:05:58 +0000  Writing entitlements for <IDEDistributionItem: 0x7fa0911d8520; bundleID='com.apple.dt.runtime.swiftCoreData', path='<DVTFilePath:0x7fa07e25df60:'/Users/pascal/Library/Developer/Xcode/Archives/2019-10-11/Free Ruler 10-11-19, 1.08am.xcarchive/Products/Applications/Free Ruler.app/Contents/Frameworks/libswiftCoreData.dylib'>', codeSigningInfo='<_DVTCodeSigningInformation_Path: 0x7fa07e21cfc0; isSigned='1', isAdHocSigned='1', signingCertificate='(null)', entitlements='(null)', teamID='(null)', identifier='com.apple.dt.runtime.swiftCoreData', executablePath='<DVTFilePath:0x7fa07e25df60:'/Users/pascal/Library/Developer/Xcode/Archives/2019-10-11/Free Ruler 10-11-19, 1.08am.xcarchive/Products/Applications/Free Ruler.app/Contents/Frameworks/libswiftCoreData.dylib'>', hardenedRuntime='0'>'> to: /var/folders/83/prlhn3nn15n691ht3bfxltg80000gn/T/XcodeDistPipeline.~~~VfXgvB/entitlements~~~jOs3ra
2019-10-11 15:05:58 +0000  Running /usr/bin/codesign '-vvv' '--force' '--sign' 'C8A8FDB4C5BBDC72DEA8FC1E98F26BF1AA45A4BA' '--entitlements' '/var/folders/83/prlhn3nn15n691ht3bfxltg80000gn/T/XcodeDistPipeline.~~~VfXgvB/entitlements~~~jOs3ra' '--preserve-metadata=identifier,flags,runtime' '--requirements' '=designated => anchor apple generic  and identifier "$self.identifier" and ((cert leaf[field.1.2.840.113635.100.6.1.9] exists) or ( certificate 1[field.1.2.840.113635.100.6.2.6] exists and certificate leaf[field.1.2.840.113635.100.6.1.13] exists  and certificate leaf[subject.OU] = "X88CY268NZ" ))' '/var/folders/83/prlhn3nn15n691ht3bfxltg80000gn/T/XcodeDistPipeline.~~~VfXgvB/Root/Applications/Free Ruler.app/Contents/Frameworks/libswiftCoreData.dylib'
2019-10-11 15:05:58 +0000  /var/folders/83/prlhn3nn15n691ht3bfxltg80000gn/T/XcodeDistPipeline.~~~VfXgvB/Root/Applications/Free Ruler.app/Contents/Frameworks/libswiftCoreData.dylib: replacing existing signature
2019-10-11 15:05:58 +0000  /var/folders/83/prlhn3nn15n691ht3bfxltg80000gn/T/XcodeDistPipeline.~~~VfXgvB/Root/Applications/Free Ruler.app/Contents/Frameworks/libswiftCoreData.dylib: signed Mach-O thin (x86_64) [com.apple.dt.runtime.swiftCoreData]
2019-10-11 15:05:58 +0000  /usr/bin/codesign exited with 0
2019-10-11 15:05:58 +0000  Entitlements for <IDEDistributionItem: 0x7fa08f5ccd20; bundleID='com.apple.dt.runtime.swiftCoreFoundation', path='<DVTFilePath:0x7fa07e2628d0:'/Users/pascal/Library/Developer/Xcode/Archives/2019-10-11/Free Ruler 10-11-19, 1.08am.xcarchive/Products/Applications/Free Ruler.app/Contents/Frameworks/libswiftCoreFoundation.dylib'>', codeSigningInfo='<_DVTCodeSigningInformation_Path: 0x7fa091190070; isSigned='1', isAdHocSigned='1', signingCertificate='(null)', entitlements='(null)', teamID='(null)', identifier='com.apple.dt.runtime.swiftCoreFoundation', executablePath='<DVTFilePath:0x7fa07e2628d0:'/Users/pascal/Library/Developer/Xcode/Archives/2019-10-11/Free Ruler 10-11-19, 1.08am.xcarchive/Products/Applications/Free Ruler.app/Contents/Frameworks/libswiftCoreFoundation.dylib'>', hardenedRuntime='0'>'>: {
}
2019-10-11 15:05:58 +0000  Writing entitlements for <IDEDistributionItem: 0x7fa08f5ccd20; bundleID='com.apple.dt.runtime.swiftCoreFoundation', path='<DVTFilePath:0x7fa07e2628d0:'/Users/pascal/Library/Developer/Xcode/Archives/2019-10-11/Free Ruler 10-11-19, 1.08am.xcarchive/Products/Applications/Free Ruler.app/Contents/Frameworks/libswiftCoreFoundation.dylib'>', codeSigningInfo='<_DVTCodeSigningInformation_Path: 0x7fa091190070; isSigned='1', isAdHocSigned='1', signingCertificate='(null)', entitlements='(null)', teamID='(null)', identifier='com.apple.dt.runtime.swiftCoreFoundation', executablePath='<DVTFilePath:0x7fa07e2628d0:'/Users/pascal/Library/Developer/Xcode/Archives/2019-10-11/Free Ruler 10-11-19, 1.08am.xcarchive/Products/Applications/Free Ruler.app/Contents/Frameworks/libswiftCoreFoundation.dylib'>', hardenedRuntime='0'>'> to: /var/folders/83/prlhn3nn15n691ht3bfxltg80000gn/T/XcodeDistPipeline.~~~VfXgvB/entitlements~~~RShnYS
2019-10-11 15:05:58 +0000  Running /usr/bin/codesign '-vvv' '--force' '--sign' 'C8A8FDB4C5BBDC72DEA8FC1E98F26BF1AA45A4BA' '--entitlements' '/var/folders/83/prlhn3nn15n691ht3bfxltg80000gn/T/XcodeDistPipeline.~~~VfXgvB/entitlements~~~RShnYS' '--preserve-metadata=identifier,flags,runtime' '--requirements' '=designated => anchor apple generic  and identifier "$self.identifier" and ((cert leaf[field.1.2.840.113635.100.6.1.9] exists) or ( certificate 1[field.1.2.840.113635.100.6.2.6] exists and certificate leaf[field.1.2.840.113635.100.6.1.13] exists  and certificate leaf[subject.OU] = "X88CY268NZ" ))' '/var/folders/83/prlhn3nn15n691ht3bfxltg80000gn/T/XcodeDistPipeline.~~~VfXgvB/Root/Applications/Free Ruler.app/Contents/Frameworks/libswiftCoreFoundation.dylib'
2019-10-11 15:05:58 +0000  /var/folders/83/prlhn3nn15n691ht3bfxltg80000gn/T/XcodeDistPipeline.~~~VfXgvB/Root/Applications/Free Ruler.app/Contents/Frameworks/libswiftCoreFoundation.dylib: replacing existing signature
2019-10-11 15:05:58 +0000  /var/folders/83/prlhn3nn15n691ht3bfxltg80000gn/T/XcodeDistPipeline.~~~VfXgvB/Root/Applications/Free Ruler.app/Contents/Frameworks/libswiftCoreFoundation.dylib: signed Mach-O thin (x86_64) [com.apple.dt.runtime.swiftCoreFoundation]
2019-10-11 15:05:58 +0000  /usr/bin/codesign exited with 0
2019-10-11 15:05:58 +0000  Entitlements for <IDEDistributionItem: 0x7fa077d50c80; bundleID='com.apple.dt.runtime.swiftCoreGraphics', path='<DVTFilePath:0x7fa07e02c4a0:'/Users/pascal/Library/Developer/Xcode/Archives/2019-10-11/Free Ruler 10-11-19, 1.08am.xcarchive/Products/Applications/Free Ruler.app/Contents/Frameworks/libswiftCoreGraphics.dylib'>', codeSigningInfo='<_DVTCodeSigningInformation_Path: 0x7fa07e226c60; isSigned='1', isAdHocSigned='1', signingCertificate='(null)', entitlements='(null)', teamID='(null)', identifier='com.apple.dt.runtime.swiftCoreGraphics', executablePath='<DVTFilePath:0x7fa07e02c4a0:'/Users/pascal/Library/Developer/Xcode/Archives/2019-10-11/Free Ruler 10-11-19, 1.08am.xcarchive/Products/Applications/Free Ruler.app/Contents/Frameworks/libswiftCoreGraphics.dylib'>', hardenedRuntime='0'>'>: {
}
2019-10-11 15:05:58 +0000  Writing entitlements for <IDEDistributionItem: 0x7fa077d50c80; bundleID='com.apple.dt.runtime.swiftCoreGraphics', path='<DVTFilePath:0x7fa07e02c4a0:'/Users/pascal/Library/Developer/Xcode/Archives/2019-10-11/Free Ruler 10-11-19, 1.08am.xcarchive/Products/Applications/Free Ruler.app/Contents/Frameworks/libswiftCoreGraphics.dylib'>', codeSigningInfo='<_DVTCodeSigningInformation_Path: 0x7fa07e226c60; isSigned='1', isAdHocSigned='1', signingCertificate='(null)', entitlements='(null)', teamID='(null)', identifier='com.apple.dt.runtime.swiftCoreGraphics', executablePath='<DVTFilePath:0x7fa07e02c4a0:'/Users/pascal/Library/Developer/Xcode/Archives/2019-10-11/Free Ruler 10-11-19, 1.08am.xcarchive/Products/Applications/Free Ruler.app/Contents/Frameworks/libswiftCoreGraphics.dylib'>', hardenedRuntime='0'>'> to: /var/folders/83/prlhn3nn15n691ht3bfxltg80000gn/T/XcodeDistPipeline.~~~VfXgvB/entitlements~~~pgUQzL
2019-10-11 15:05:58 +0000  Running /usr/bin/codesign '-vvv' '--force' '--sign' 'C8A8FDB4C5BBDC72DEA8FC1E98F26BF1AA45A4BA' '--entitlements' '/var/folders/83/prlhn3nn15n691ht3bfxltg80000gn/T/XcodeDistPipeline.~~~VfXgvB/entitlements~~~pgUQzL' '--preserve-metadata=identifier,flags,runtime' '--requirements' '=designated => anchor apple generic  and identifier "$self.identifier" and ((cert leaf[field.1.2.840.113635.100.6.1.9] exists) or ( certificate 1[field.1.2.840.113635.100.6.2.6] exists and certificate leaf[field.1.2.840.113635.100.6.1.13] exists  and certificate leaf[subject.OU] = "X88CY268NZ" ))' '/var/folders/83/prlhn3nn15n691ht3bfxltg80000gn/T/XcodeDistPipeline.~~~VfXgvB/Root/Applications/Free Ruler.app/Contents/Frameworks/libswiftCoreGraphics.dylib'
2019-10-11 15:05:58 +0000  /var/folders/83/prlhn3nn15n691ht3bfxltg80000gn/T/XcodeDistPipeline.~~~VfXgvB/Root/Applications/Free Ruler.app/Contents/Frameworks/libswiftCoreGraphics.dylib: replacing existing signature
2019-10-11 15:05:58 +0000  /var/folders/83/prlhn3nn15n691ht3bfxltg80000gn/T/XcodeDistPipeline.~~~VfXgvB/Root/Applications/Free Ruler.app/Contents/Frameworks/libswiftCoreGraphics.dylib: signed Mach-O thin (x86_64) [com.apple.dt.runtime.swiftCoreGraphics]
2019-10-11 15:05:58 +0000  /usr/bin/codesign exited with 0
2019-10-11 15:05:58 +0000  Entitlements for <IDEDistributionItem: 0x7fa0784ef720; bundleID='com.apple.dt.runtime.swiftCoreImage', path='<DVTFilePath:0x7fa07d12b1b0:'/Users/pascal/Library/Developer/Xcode/Archives/2019-10-11/Free Ruler 10-11-19, 1.08am.xcarchive/Products/Applications/Free Ruler.app/Contents/Frameworks/libswiftCoreImage.dylib'>', codeSigningInfo='<_DVTCodeSigningInformation_Path: 0x7fa07807ddb0; isSigned='1', isAdHocSigned='1', signingCertificate='(null)', entitlements='(null)', teamID='(null)', identifier='com.apple.dt.runtime.swiftCoreImage', executablePath='<DVTFilePath:0x7fa07d12b1b0:'/Users/pascal/Library/Developer/Xcode/Archives/2019-10-11/Free Ruler 10-11-19, 1.08am.xcarchive/Products/Applications/Free Ruler.app/Contents/Frameworks/libswiftCoreImage.dylib'>', hardenedRuntime='0'>'>: {
}
2019-10-11 15:05:58 +0000  Writing entitlements for <IDEDistributionItem: 0x7fa0784ef720; bundleID='com.apple.dt.runtime.swiftCoreImage', path='<DVTFilePath:0x7fa07d12b1b0:'/Users/pascal/Library/Developer/Xcode/Archives/2019-10-11/Free Ruler 10-11-19, 1.08am.xcarchive/Products/Applications/Free Ruler.app/Contents/Frameworks/libswiftCoreImage.dylib'>', codeSigningInfo='<_DVTCodeSigningInformation_Path: 0x7fa07807ddb0; isSigned='1', isAdHocSigned='1', signingCertificate='(null)', entitlements='(null)', teamID='(null)', identifier='com.apple.dt.runtime.swiftCoreImage', executablePath='<DVTFilePath:0x7fa07d12b1b0:'/Users/pascal/Library/Developer/Xcode/Archives/2019-10-11/Free Ruler 10-11-19, 1.08am.xcarchive/Products/Applications/Free Ruler.app/Contents/Frameworks/libswiftCoreImage.dylib'>', hardenedRuntime='0'>'> to: /var/folders/83/prlhn3nn15n691ht3bfxltg80000gn/T/XcodeDistPipeline.~~~VfXgvB/entitlements~~~g9PTkY
2019-10-11 15:05:58 +0000  Running /usr/bin/codesign '-vvv' '--force' '--sign' 'C8A8FDB4C5BBDC72DEA8FC1E98F26BF1AA45A4BA' '--entitlements' '/var/folders/83/prlhn3nn15n691ht3bfxltg80000gn/T/XcodeDistPipeline.~~~VfXgvB/entitlements~~~g9PTkY' '--preserve-metadata=identifier,flags,runtime' '--requirements' '=designated => anchor apple generic  and identifier "$self.identifier" and ((cert leaf[field.1.2.840.113635.100.6.1.9] exists) or ( certificate 1[field.1.2.840.113635.100.6.2.6] exists and certificate leaf[field.1.2.840.113635.100.6.1.13] exists  and certificate leaf[subject.OU] = "X88CY268NZ" ))' '/var/folders/83/prlhn3nn15n691ht3bfxltg80000gn/T/XcodeDistPipeline.~~~VfXgvB/Root/Applications/Free Ruler.app/Contents/Frameworks/libswiftCoreImage.dylib'
2019-10-11 15:05:58 +0000  /var/folders/83/prlhn3nn15n691ht3bfxltg80000gn/T/XcodeDistPipeline.~~~VfXgvB/Root/Applications/Free Ruler.app/Contents/Frameworks/libswiftCoreImage.dylib: replacing existing signature
2019-10-11 15:05:58 +0000  /var/folders/83/prlhn3nn15n691ht3bfxltg80000gn/T/XcodeDistPipeline.~~~VfXgvB/Root/Applications/Free Ruler.app/Contents/Frameworks/libswiftCoreImage.dylib: signed Mach-O thin (x86_64) [com.apple.dt.runtime.swiftCoreImage]
2019-10-11 15:05:58 +0000  /usr/bin/codesign exited with 0
2019-10-11 15:05:58 +0000  Entitlements for <IDEDistributionItem: 0x7fa078213af0; bundleID='com.apple.dt.runtime.swiftDarwin', path='<DVTFilePath:0x7fa07e25cee0:'/Users/pascal/Library/Developer/Xcode/Archives/2019-10-11/Free Ruler 10-11-19, 1.08am.xcarchive/Products/Applications/Free Ruler.app/Contents/Frameworks/libswiftDarwin.dylib'>', codeSigningInfo='<_DVTCodeSigningInformation_Path: 0x7fa077e28160; isSigned='1', isAdHocSigned='1', signingCertificate='(null)', entitlements='(null)', teamID='(null)', identifier='com.apple.dt.runtime.swiftDarwin', executablePath='<DVTFilePath:0x7fa07e25cee0:'/Users/pascal/Library/Developer/Xcode/Archives/2019-10-11/Free Ruler 10-11-19, 1.08am.xcarchive/Products/Applications/Free Ruler.app/Contents/Frameworks/libswiftDarwin.dylib'>', hardenedRuntime='0'>'>: {
}
2019-10-11 15:05:58 +0000  Writing entitlements for <IDEDistributionItem: 0x7fa078213af0; bundleID='com.apple.dt.runtime.swiftDarwin', path='<DVTFilePath:0x7fa07e25cee0:'/Users/pascal/Library/Developer/Xcode/Archives/2019-10-11/Free Ruler 10-11-19, 1.08am.xcarchive/Products/Applications/Free Ruler.app/Contents/Frameworks/libswiftDarwin.dylib'>', codeSigningInfo='<_DVTCodeSigningInformation_Path: 0x7fa077e28160; isSigned='1', isAdHocSigned='1', signingCertificate='(null)', entitlements='(null)', teamID='(null)', identifier='com.apple.dt.runtime.swiftDarwin', executablePath='<DVTFilePath:0x7fa07e25cee0:'/Users/pascal/Library/Developer/Xcode/Archives/2019-10-11/Free Ruler 10-11-19, 1.08am.xcarchive/Products/Applications/Free Ruler.app/Contents/Frameworks/libswiftDarwin.dylib'>', hardenedRuntime='0'>'> to: /var/folders/83/prlhn3nn15n691ht3bfxltg80000gn/T/XcodeDistPipeline.~~~VfXgvB/entitlements~~~0f11T3
2019-10-11 15:05:58 +0000  Running /usr/bin/codesign '-vvv' '--force' '--sign' 'C8A8FDB4C5BBDC72DEA8FC1E98F26BF1AA45A4BA' '--entitlements' '/var/folders/83/prlhn3nn15n691ht3bfxltg80000gn/T/XcodeDistPipeline.~~~VfXgvB/entitlements~~~0f11T3' '--preserve-metadata=identifier,flags,runtime' '--requirements' '=designated => anchor apple generic  and identifier "$self.identifier" and ((cert leaf[field.1.2.840.113635.100.6.1.9] exists) or ( certificate 1[field.1.2.840.113635.100.6.2.6] exists and certificate leaf[field.1.2.840.113635.100.6.1.13] exists  and certificate leaf[subject.OU] = "X88CY268NZ" ))' '/var/folders/83/prlhn3nn15n691ht3bfxltg80000gn/T/XcodeDistPipeline.~~~VfXgvB/Root/Applications/Free Ruler.app/Contents/Frameworks/libswiftDarwin.dylib'
2019-10-11 15:05:59 +0000  /var/folders/83/prlhn3nn15n691ht3bfxltg80000gn/T/XcodeDistPipeline.~~~VfXgvB/Root/Applications/Free Ruler.app/Contents/Frameworks/libswiftDarwin.dylib: replacing existing signature
2019-10-11 15:05:59 +0000  /var/folders/83/prlhn3nn15n691ht3bfxltg80000gn/T/XcodeDistPipeline.~~~VfXgvB/Root/Applications/Free Ruler.app/Contents/Frameworks/libswiftDarwin.dylib: signed Mach-O thin (x86_64) [com.apple.dt.runtime.swiftDarwin]
2019-10-11 15:05:59 +0000  /usr/bin/codesign exited with 0
2019-10-11 15:05:59 +0000  Entitlements for <IDEDistributionItem: 0x7fa074dd42a0; bundleID='com.apple.dt.runtime.swiftDispatch', path='<DVTFilePath:0x7fa07e25f370:'/Users/pascal/Library/Developer/Xcode/Archives/2019-10-11/Free Ruler 10-11-19, 1.08am.xcarchive/Products/Applications/Free Ruler.app/Contents/Frameworks/libswiftDispatch.dylib'>', codeSigningInfo='<_DVTCodeSigningInformation_Path: 0x7fa07a7071c0; isSigned='1', isAdHocSigned='1', signingCertificate='(null)', entitlements='(null)', teamID='(null)', identifier='com.apple.dt.runtime.swiftDispatch', executablePath='<DVTFilePath:0x7fa07e25f370:'/Users/pascal/Library/Developer/Xcode/Archives/2019-10-11/Free Ruler 10-11-19, 1.08am.xcarchive/Products/Applications/Free Ruler.app/Contents/Frameworks/libswiftDispatch.dylib'>', hardenedRuntime='0'>'>: {
}
2019-10-11 15:05:59 +0000  Writing entitlements for <IDEDistributionItem: 0x7fa074dd42a0; bundleID='com.apple.dt.runtime.swiftDispatch', path='<DVTFilePath:0x7fa07e25f370:'/Users/pascal/Library/Developer/Xcode/Archives/2019-10-11/Free Ruler 10-11-19, 1.08am.xcarchive/Products/Applications/Free Ruler.app/Contents/Frameworks/libswiftDispatch.dylib'>', codeSigningInfo='<_DVTCodeSigningInformation_Path: 0x7fa07a7071c0; isSigned='1', isAdHocSigned='1', signingCertificate='(null)', entitlements='(null)', teamID='(null)', identifier='com.apple.dt.runtime.swiftDispatch', executablePath='<DVTFilePath:0x7fa07e25f370:'/Users/pascal/Library/Developer/Xcode/Archives/2019-10-11/Free Ruler 10-11-19, 1.08am.xcarchive/Products/Applications/Free Ruler.app/Contents/Frameworks/libswiftDispatch.dylib'>', hardenedRuntime='0'>'> to: /var/folders/83/prlhn3nn15n691ht3bfxltg80000gn/T/XcodeDistPipeline.~~~VfXgvB/entitlements~~~t5811Q
2019-10-11 15:05:59 +0000  Running /usr/bin/codesign '-vvv' '--force' '--sign' 'C8A8FDB4C5BBDC72DEA8FC1E98F26BF1AA45A4BA' '--entitlements' '/var/folders/83/prlhn3nn15n691ht3bfxltg80000gn/T/XcodeDistPipeline.~~~VfXgvB/entitlements~~~t5811Q' '--preserve-metadata=identifier,flags,runtime' '--requirements' '=designated => anchor apple generic  and identifier "$self.identifier" and ((cert leaf[field.1.2.840.113635.100.6.1.9] exists) or ( certificate 1[field.1.2.840.113635.100.6.2.6] exists and certificate leaf[field.1.2.840.113635.100.6.1.13] exists  and certificate leaf[subject.OU] = "X88CY268NZ" ))' '/var/folders/83/prlhn3nn15n691ht3bfxltg80000gn/T/XcodeDistPipeline.~~~VfXgvB/Root/Applications/Free Ruler.app/Contents/Frameworks/libswiftDispatch.dylib'
2019-10-11 15:05:59 +0000  /var/folders/83/prlhn3nn15n691ht3bfxltg80000gn/T/XcodeDistPipeline.~~~VfXgvB/Root/Applications/Free Ruler.app/Contents/Frameworks/libswiftDispatch.dylib: replacing existing signature
2019-10-11 15:05:59 +0000  /var/folders/83/prlhn3nn15n691ht3bfxltg80000gn/T/XcodeDistPipeline.~~~VfXgvB/Root/Applications/Free Ruler.app/Contents/Frameworks/libswiftDispatch.dylib: signed Mach-O thin (x86_64) [com.apple.dt.runtime.swiftDispatch]
2019-10-11 15:05:59 +0000  /usr/bin/codesign exited with 0
2019-10-11 15:05:59 +0000  Entitlements for <IDEDistributionItem: 0x7fa07a4f9880; bundleID='com.apple.dt.runtime.swiftFoundation', path='<DVTFilePath:0x7fa07dea8910:'/Users/pascal/Library/Developer/Xcode/Archives/2019-10-11/Free Ruler 10-11-19, 1.08am.xcarchive/Products/Applications/Free Ruler.app/Contents/Frameworks/libswiftFoundation.dylib'>', codeSigningInfo='<_DVTCodeSigningInformation_Path: 0x7fa07a7806a0; isSigned='1', isAdHocSigned='1', signingCertificate='(null)', entitlements='(null)', teamID='(null)', identifier='com.apple.dt.runtime.swiftFoundation', executablePath='<DVTFilePath:0x7fa07dea8910:'/Users/pascal/Library/Developer/Xcode/Archives/2019-10-11/Free Ruler 10-11-19, 1.08am.xcarchive/Products/Applications/Free Ruler.app/Contents/Frameworks/libswiftFoundation.dylib'>', hardenedRuntime='0'>'>: {
}
2019-10-11 15:05:59 +0000  Writing entitlements for <IDEDistributionItem: 0x7fa07a4f9880; bundleID='com.apple.dt.runtime.swiftFoundation', path='<DVTFilePath:0x7fa07dea8910:'/Users/pascal/Library/Developer/Xcode/Archives/2019-10-11/Free Ruler 10-11-19, 1.08am.xcarchive/Products/Applications/Free Ruler.app/Contents/Frameworks/libswiftFoundation.dylib'>', codeSigningInfo='<_DVTCodeSigningInformation_Path: 0x7fa07a7806a0; isSigned='1', isAdHocSigned='1', signingCertificate='(null)', entitlements='(null)', teamID='(null)', identifier='com.apple.dt.runtime.swiftFoundation', executablePath='<DVTFilePath:0x7fa07dea8910:'/Users/pascal/Library/Developer/Xcode/Archives/2019-10-11/Free Ruler 10-11-19, 1.08am.xcarchive/Products/Applications/Free Ruler.app/Contents/Frameworks/libswiftFoundation.dylib'>', hardenedRuntime='0'>'> to: /var/folders/83/prlhn3nn15n691ht3bfxltg80000gn/T/XcodeDistPipeline.~~~VfXgvB/entitlements~~~scxfsq
2019-10-11 15:05:59 +0000  Running /usr/bin/codesign '-vvv' '--force' '--sign' 'C8A8FDB4C5BBDC72DEA8FC1E98F26BF1AA45A4BA' '--entitlements' '/var/folders/83/prlhn3nn15n691ht3bfxltg80000gn/T/XcodeDistPipeline.~~~VfXgvB/entitlements~~~scxfsq' '--preserve-metadata=identifier,flags,runtime' '--requirements' '=designated => anchor apple generic  and identifier "$self.identifier" and ((cert leaf[field.1.2.840.113635.100.6.1.9] exists) or ( certificate 1[field.1.2.840.113635.100.6.2.6] exists and certificate leaf[field.1.2.840.113635.100.6.1.13] exists  and certificate leaf[subject.OU] = "X88CY268NZ" ))' '/var/folders/83/prlhn3nn15n691ht3bfxltg80000gn/T/XcodeDistPipeline.~~~VfXgvB/Root/Applications/Free Ruler.app/Contents/Frameworks/libswiftFoundation.dylib'
2019-10-11 15:05:59 +0000  /var/folders/83/prlhn3nn15n691ht3bfxltg80000gn/T/XcodeDistPipeline.~~~VfXgvB/Root/Applications/Free Ruler.app/Contents/Frameworks/libswiftFoundation.dylib: replacing existing signature
2019-10-11 15:05:59 +0000  /var/folders/83/prlhn3nn15n691ht3bfxltg80000gn/T/XcodeDistPipeline.~~~VfXgvB/Root/Applications/Free Ruler.app/Contents/Frameworks/libswiftFoundation.dylib: signed Mach-O thin (x86_64) [com.apple.dt.runtime.swiftFoundation]
2019-10-11 15:05:59 +0000  /usr/bin/codesign exited with 0
2019-10-11 15:05:59 +0000  Entitlements for <IDEDistributionItem: 0x7fa07ab27620; bundleID='com.apple.dt.runtime.swiftIOKit', path='<DVTFilePath:0x7fa07e266290:'/Users/pascal/Library/Developer/Xcode/Archives/2019-10-11/Free Ruler 10-11-19, 1.08am.xcarchive/Products/Applications/Free Ruler.app/Contents/Frameworks/libswiftIOKit.dylib'>', codeSigningInfo='<_DVTCodeSigningInformation_Path: 0x7fa07e24c070; isSigned='1', isAdHocSigned='1', signingCertificate='(null)', entitlements='(null)', teamID='(null)', identifier='com.apple.dt.runtime.swiftIOKit', executablePath='<DVTFilePath:0x7fa07e266290:'/Users/pascal/Library/Developer/Xcode/Archives/2019-10-11/Free Ruler 10-11-19, 1.08am.xcarchive/Products/Applications/Free Ruler.app/Contents/Frameworks/libswiftIOKit.dylib'>', hardenedRuntime='0'>'>: {
}
2019-10-11 15:05:59 +0000  Writing entitlements for <IDEDistributionItem: 0x7fa07ab27620; bundleID='com.apple.dt.runtime.swiftIOKit', path='<DVTFilePath:0x7fa07e266290:'/Users/pascal/Library/Developer/Xcode/Archives/2019-10-11/Free Ruler 10-11-19, 1.08am.xcarchive/Products/Applications/Free Ruler.app/Contents/Frameworks/libswiftIOKit.dylib'>', codeSigningInfo='<_DVTCodeSigningInformation_Path: 0x7fa07e24c070; isSigned='1', isAdHocSigned='1', signingCertificate='(null)', entitlements='(null)', teamID='(null)', identifier='com.apple.dt.runtime.swiftIOKit', executablePath='<DVTFilePath:0x7fa07e266290:'/Users/pascal/Library/Developer/Xcode/Archives/2019-10-11/Free Ruler 10-11-19, 1.08am.xcarchive/Products/Applications/Free Ruler.app/Contents/Frameworks/libswiftIOKit.dylib'>', hardenedRuntime='0'>'> to: /var/folders/83/prlhn3nn15n691ht3bfxltg80000gn/T/XcodeDistPipeline.~~~VfXgvB/entitlements~~~ZbjDrM
2019-10-11 15:05:59 +0000  Running /usr/bin/codesign '-vvv' '--force' '--sign' 'C8A8FDB4C5BBDC72DEA8FC1E98F26BF1AA45A4BA' '--entitlements' '/var/folders/83/prlhn3nn15n691ht3bfxltg80000gn/T/XcodeDistPipeline.~~~VfXgvB/entitlements~~~ZbjDrM' '--preserve-metadata=identifier,flags,runtime' '--requirements' '=designated => anchor apple generic  and identifier "$self.identifier" and ((cert leaf[field.1.2.840.113635.100.6.1.9] exists) or ( certificate 1[field.1.2.840.113635.100.6.2.6] exists and certificate leaf[field.1.2.840.113635.100.6.1.13] exists  and certificate leaf[subject.OU] = "X88CY268NZ" ))' '/var/folders/83/prlhn3nn15n691ht3bfxltg80000gn/T/XcodeDistPipeline.~~~VfXgvB/Root/Applications/Free Ruler.app/Contents/Frameworks/libswiftIOKit.dylib'
2019-10-11 15:05:59 +0000  /var/folders/83/prlhn3nn15n691ht3bfxltg80000gn/T/XcodeDistPipeline.~~~VfXgvB/Root/Applications/Free Ruler.app/Contents/Frameworks/libswiftIOKit.dylib: replacing existing signature
2019-10-11 15:05:59 +0000  /var/folders/83/prlhn3nn15n691ht3bfxltg80000gn/T/XcodeDistPipeline.~~~VfXgvB/Root/Applications/Free Ruler.app/Contents/Frameworks/libswiftIOKit.dylib: signed Mach-O thin (x86_64) [com.apple.dt.runtime.swiftIOKit]
2019-10-11 15:05:59 +0000  /usr/bin/codesign exited with 0
2019-10-11 15:05:59 +0000  Entitlements for <IDEDistributionItem: 0x7fa078051460; bundleID='com.apple.dt.runtime.swiftMetal', path='<DVTFilePath:0x7fa07e25d080:'/Users/pascal/Library/Developer/Xcode/Archives/2019-10-11/Free Ruler 10-11-19, 1.08am.xcarchive/Products/Applications/Free Ruler.app/Contents/Frameworks/libswiftMetal.dylib'>', codeSigningInfo='<_DVTCodeSigningInformation_Path: 0x7fa07a3d1ec0; isSigned='1', isAdHocSigned='1', signingCertificate='(null)', entitlements='(null)', teamID='(null)', identifier='com.apple.dt.runtime.swiftMetal', executablePath='<DVTFilePath:0x7fa07e25d080:'/Users/pascal/Library/Developer/Xcode/Archives/2019-10-11/Free Ruler 10-11-19, 1.08am.xcarchive/Products/Applications/Free Ruler.app/Contents/Frameworks/libswiftMetal.dylib'>', hardenedRuntime='0'>'>: {
}
2019-10-11 15:05:59 +0000  Writing entitlements for <IDEDistributionItem: 0x7fa078051460; bundleID='com.apple.dt.runtime.swiftMetal', path='<DVTFilePath:0x7fa07e25d080:'/Users/pascal/Library/Developer/Xcode/Archives/2019-10-11/Free Ruler 10-11-19, 1.08am.xcarchive/Products/Applications/Free Ruler.app/Contents/Frameworks/libswiftMetal.dylib'>', codeSigningInfo='<_DVTCodeSigningInformation_Path: 0x7fa07a3d1ec0; isSigned='1', isAdHocSigned='1', signingCertificate='(null)', entitlements='(null)', teamID='(null)', identifier='com.apple.dt.runtime.swiftMetal', executablePath='<DVTFilePath:0x7fa07e25d080:'/Users/pascal/Library/Developer/Xcode/Archives/2019-10-11/Free Ruler 10-11-19, 1.08am.xcarchive/Products/Applications/Free Ruler.app/Contents/Frameworks/libswiftMetal.dylib'>', hardenedRuntime='0'>'> to: /var/folders/83/prlhn3nn15n691ht3bfxltg80000gn/T/XcodeDistPipeline.~~~VfXgvB/entitlements~~~2aaZrY
2019-10-11 15:05:59 +0000  Running /usr/bin/codesign '-vvv' '--force' '--sign' 'C8A8FDB4C5BBDC72DEA8FC1E98F26BF1AA45A4BA' '--entitlements' '/var/folders/83/prlhn3nn15n691ht3bfxltg80000gn/T/XcodeDistPipeline.~~~VfXgvB/entitlements~~~2aaZrY' '--preserve-metadata=identifier,flags,runtime' '--requirements' '=designated => anchor apple generic  and identifier "$self.identifier" and ((cert leaf[field.1.2.840.113635.100.6.1.9] exists) or ( certificate 1[field.1.2.840.113635.100.6.2.6] exists and certificate leaf[field.1.2.840.113635.100.6.1.13] exists  and certificate leaf[subject.OU] = "X88CY268NZ" ))' '/var/folders/83/prlhn3nn15n691ht3bfxltg80000gn/T/XcodeDistPipeline.~~~VfXgvB/Root/Applications/Free Ruler.app/Contents/Frameworks/libswiftMetal.dylib'
2019-10-11 15:05:59 +0000  /var/folders/83/prlhn3nn15n691ht3bfxltg80000gn/T/XcodeDistPipeline.~~~VfXgvB/Root/Applications/Free Ruler.app/Contents/Frameworks/libswiftMetal.dylib: replacing existing signature
2019-10-11 15:05:59 +0000  /var/folders/83/prlhn3nn15n691ht3bfxltg80000gn/T/XcodeDistPipeline.~~~VfXgvB/Root/Applications/Free Ruler.app/Contents/Frameworks/libswiftMetal.dylib: signed Mach-O thin (x86_64) [com.apple.dt.runtime.swiftMetal]
2019-10-11 15:05:59 +0000  /usr/bin/codesign exited with 0
2019-10-11 15:05:59 +0000  Entitlements for <IDEDistributionItem: 0x7fa07e227340; bundleID='com.apple.dt.runtime.swiftObjectiveC', path='<DVTFilePath:0x7fa07e2535d0:'/Users/pascal/Library/Developer/Xcode/Archives/2019-10-11/Free Ruler 10-11-19, 1.08am.xcarchive/Products/Applications/Free Ruler.app/Contents/Frameworks/libswiftObjectiveC.dylib'>', codeSigningInfo='<_DVTCodeSigningInformation_Path: 0x7fa07a47da50; isSigned='1', isAdHocSigned='1', signingCertificate='(null)', entitlements='(null)', teamID='(null)', identifier='com.apple.dt.runtime.swiftObjectiveC', executablePath='<DVTFilePath:0x7fa07e2535d0:'/Users/pascal/Library/Developer/Xcode/Archives/2019-10-11/Free Ruler 10-11-19, 1.08am.xcarchive/Products/Applications/Free Ruler.app/Contents/Frameworks/libswiftObjectiveC.dylib'>', hardenedRuntime='0'>'>: {
}
2019-10-11 15:05:59 +0000  Writing entitlements for <IDEDistributionItem: 0x7fa07e227340; bundleID='com.apple.dt.runtime.swiftObjectiveC', path='<DVTFilePath:0x7fa07e2535d0:'/Users/pascal/Library/Developer/Xcode/Archives/2019-10-11/Free Ruler 10-11-19, 1.08am.xcarchive/Products/Applications/Free Ruler.app/Contents/Frameworks/libswiftObjectiveC.dylib'>', codeSigningInfo='<_DVTCodeSigningInformation_Path: 0x7fa07a47da50; isSigned='1', isAdHocSigned='1', signingCertificate='(null)', entitlements='(null)', teamID='(null)', identifier='com.apple.dt.runtime.swiftObjectiveC', executablePath='<DVTFilePath:0x7fa07e2535d0:'/Users/pascal/Library/Developer/Xcode/Archives/2019-10-11/Free Ruler 10-11-19, 1.08am.xcarchive/Products/Applications/Free Ruler.app/Contents/Frameworks/libswiftObjectiveC.dylib'>', hardenedRuntime='0'>'> to: /var/folders/83/prlhn3nn15n691ht3bfxltg80000gn/T/XcodeDistPipeline.~~~VfXgvB/entitlements~~~OiHhLC
2019-10-11 15:05:59 +0000  Running /usr/bin/codesign '-vvv' '--force' '--sign' 'C8A8FDB4C5BBDC72DEA8FC1E98F26BF1AA45A4BA' '--entitlements' '/var/folders/83/prlhn3nn15n691ht3bfxltg80000gn/T/XcodeDistPipeline.~~~VfXgvB/entitlements~~~OiHhLC' '--preserve-metadata=identifier,flags,runtime' '--requirements' '=designated => anchor apple generic  and identifier "$self.identifier" and ((cert leaf[field.1.2.840.113635.100.6.1.9] exists) or ( certificate 1[field.1.2.840.113635.100.6.2.6] exists and certificate leaf[field.1.2.840.113635.100.6.1.13] exists  and certificate leaf[subject.OU] = "X88CY268NZ" ))' '/var/folders/83/prlhn3nn15n691ht3bfxltg80000gn/T/XcodeDistPipeline.~~~VfXgvB/Root/Applications/Free Ruler.app/Contents/Frameworks/libswiftObjectiveC.dylib'
2019-10-11 15:05:59 +0000  /var/folders/83/prlhn3nn15n691ht3bfxltg80000gn/T/XcodeDistPipeline.~~~VfXgvB/Root/Applications/Free Ruler.app/Contents/Frameworks/libswiftObjectiveC.dylib: replacing existing signature
2019-10-11 15:05:59 +0000  /var/folders/83/prlhn3nn15n691ht3bfxltg80000gn/T/XcodeDistPipeline.~~~VfXgvB/Root/Applications/Free Ruler.app/Contents/Frameworks/libswiftObjectiveC.dylib: signed Mach-O thin (x86_64) [com.apple.dt.runtime.swiftObjectiveC]
2019-10-11 15:05:59 +0000  /usr/bin/codesign exited with 0
2019-10-11 15:05:59 +0000  Entitlements for <IDEDistributionItem: 0x7fa08ea5c940; bundleID='com.apple.dt.runtime.swiftQuartzCore', path='<DVTFilePath:0x7fa07e2642a0:'/Users/pascal/Library/Developer/Xcode/Archives/2019-10-11/Free Ruler 10-11-19, 1.08am.xcarchive/Products/Applications/Free Ruler.app/Contents/Frameworks/libswiftQuartzCore.dylib'>', codeSigningInfo='<_DVTCodeSigningInformation_Path: 0x7fa077fa0f00; isSigned='1', isAdHocSigned='1', signingCertificate='(null)', entitlements='(null)', teamID='(null)', identifier='com.apple.dt.runtime.swiftQuartzCore', executablePath='<DVTFilePath:0x7fa07e2642a0:'/Users/pascal/Library/Developer/Xcode/Archives/2019-10-11/Free Ruler 10-11-19, 1.08am.xcarchive/Products/Applications/Free Ruler.app/Contents/Frameworks/libswiftQuartzCore.dylib'>', hardenedRuntime='0'>'>: {
}
2019-10-11 15:05:59 +0000  Writing entitlements for <IDEDistributionItem: 0x7fa08ea5c940; bundleID='com.apple.dt.runtime.swiftQuartzCore', path='<DVTFilePath:0x7fa07e2642a0:'/Users/pascal/Library/Developer/Xcode/Archives/2019-10-11/Free Ruler 10-11-19, 1.08am.xcarchive/Products/Applications/Free Ruler.app/Contents/Frameworks/libswiftQuartzCore.dylib'>', codeSigningInfo='<_DVTCodeSigningInformation_Path: 0x7fa077fa0f00; isSigned='1', isAdHocSigned='1', signingCertificate='(null)', entitlements='(null)', teamID='(null)', identifier='com.apple.dt.runtime.swiftQuartzCore', executablePath='<DVTFilePath:0x7fa07e2642a0:'/Users/pascal/Library/Developer/Xcode/Archives/2019-10-11/Free Ruler 10-11-19, 1.08am.xcarchive/Products/Applications/Free Ruler.app/Contents/Frameworks/libswiftQuartzCore.dylib'>', hardenedRuntime='0'>'> to: /var/folders/83/prlhn3nn15n691ht3bfxltg80000gn/T/XcodeDistPipeline.~~~VfXgvB/entitlements~~~YXBPYm
2019-10-11 15:05:59 +0000  Running /usr/bin/codesign '-vvv' '--force' '--sign' 'C8A8FDB4C5BBDC72DEA8FC1E98F26BF1AA45A4BA' '--entitlements' '/var/folders/83/prlhn3nn15n691ht3bfxltg80000gn/T/XcodeDistPipeline.~~~VfXgvB/entitlements~~~YXBPYm' '--preserve-metadata=identifier,flags,runtime' '--requirements' '=designated => anchor apple generic  and identifier "$self.identifier" and ((cert leaf[field.1.2.840.113635.100.6.1.9] exists) or ( certificate 1[field.1.2.840.113635.100.6.2.6] exists and certificate leaf[field.1.2.840.113635.100.6.1.13] exists  and certificate leaf[subject.OU] = "X88CY268NZ" ))' '/var/folders/83/prlhn3nn15n691ht3bfxltg80000gn/T/XcodeDistPipeline.~~~VfXgvB/Root/Applications/Free Ruler.app/Contents/Frameworks/libswiftQuartzCore.dylib'
2019-10-11 15:05:59 +0000  /var/folders/83/prlhn3nn15n691ht3bfxltg80000gn/T/XcodeDistPipeline.~~~VfXgvB/Root/Applications/Free Ruler.app/Contents/Frameworks/libswiftQuartzCore.dylib: replacing existing signature
2019-10-11 15:05:59 +0000  /var/folders/83/prlhn3nn15n691ht3bfxltg80000gn/T/XcodeDistPipeline.~~~VfXgvB/Root/Applications/Free Ruler.app/Contents/Frameworks/libswiftQuartzCore.dylib: signed Mach-O thin (x86_64) [com.apple.dt.runtime.swiftQuartzCore]
2019-10-11 15:05:59 +0000  /usr/bin/codesign exited with 0
2019-10-11 15:05:59 +0000  Entitlements for <IDEDistributionItem: 0x7fa07dfd7350; bundleID='com.apple.dt.runtime.swiftXPC', path='<DVTFilePath:0x7fa07e253da0:'/Users/pascal/Library/Developer/Xcode/Archives/2019-10-11/Free Ruler 10-11-19, 1.08am.xcarchive/Products/Applications/Free Ruler.app/Contents/Frameworks/libswiftXPC.dylib'>', codeSigningInfo='<_DVTCodeSigningInformation_Path: 0x7fa0907b88e0; isSigned='1', isAdHocSigned='1', signingCertificate='(null)', entitlements='(null)', teamID='(null)', identifier='com.apple.dt.runtime.swiftXPC', executablePath='<DVTFilePath:0x7fa07e253da0:'/Users/pascal/Library/Developer/Xcode/Archives/2019-10-11/Free Ruler 10-11-19, 1.08am.xcarchive/Products/Applications/Free Ruler.app/Contents/Frameworks/libswiftXPC.dylib'>', hardenedRuntime='0'>'>: {
}
2019-10-11 15:05:59 +0000  Writing entitlements for <IDEDistributionItem: 0x7fa07dfd7350; bundleID='com.apple.dt.runtime.swiftXPC', path='<DVTFilePath:0x7fa07e253da0:'/Users/pascal/Library/Developer/Xcode/Archives/2019-10-11/Free Ruler 10-11-19, 1.08am.xcarchive/Products/Applications/Free Ruler.app/Contents/Frameworks/libswiftXPC.dylib'>', codeSigningInfo='<_DVTCodeSigningInformation_Path: 0x7fa0907b88e0; isSigned='1', isAdHocSigned='1', signingCertificate='(null)', entitlements='(null)', teamID='(null)', identifier='com.apple.dt.runtime.swiftXPC', executablePath='<DVTFilePath:0x7fa07e253da0:'/Users/pascal/Library/Developer/Xcode/Archives/2019-10-11/Free Ruler 10-11-19, 1.08am.xcarchive/Products/Applications/Free Ruler.app/Contents/Frameworks/libswiftXPC.dylib'>', hardenedRuntime='0'>'> to: /var/folders/83/prlhn3nn15n691ht3bfxltg80000gn/T/XcodeDistPipeline.~~~VfXgvB/entitlements~~~AnfQvo
2019-10-11 15:05:59 +0000  Running /usr/bin/codesign '-vvv' '--force' '--sign' 'C8A8FDB4C5BBDC72DEA8FC1E98F26BF1AA45A4BA' '--entitlements' '/var/folders/83/prlhn3nn15n691ht3bfxltg80000gn/T/XcodeDistPipeline.~~~VfXgvB/entitlements~~~AnfQvo' '--preserve-metadata=identifier,flags,runtime' '--requirements' '=designated => anchor apple generic  and identifier "$self.identifier" and ((cert leaf[field.1.2.840.113635.100.6.1.9] exists) or ( certificate 1[field.1.2.840.113635.100.6.2.6] exists and certificate leaf[field.1.2.840.113635.100.6.1.13] exists  and certificate leaf[subject.OU] = "X88CY268NZ" ))' '/var/folders/83/prlhn3nn15n691ht3bfxltg80000gn/T/XcodeDistPipeline.~~~VfXgvB/Root/Applications/Free Ruler.app/Contents/Frameworks/libswiftXPC.dylib'
2019-10-11 15:05:59 +0000  /var/folders/83/prlhn3nn15n691ht3bfxltg80000gn/T/XcodeDistPipeline.~~~VfXgvB/Root/Applications/Free Ruler.app/Contents/Frameworks/libswiftXPC.dylib: replacing existing signature
2019-10-11 15:06:00 +0000  /var/folders/83/prlhn3nn15n691ht3bfxltg80000gn/T/XcodeDistPipeline.~~~VfXgvB/Root/Applications/Free Ruler.app/Contents/Frameworks/libswiftXPC.dylib: signed Mach-O thin (x86_64) [com.apple.dt.runtime.swiftXPC]
2019-10-11 15:06:00 +0000  /usr/bin/codesign exited with 0
2019-10-11 15:06:00 +0000  Entitlements for <IDEDistributionItem: 0x7fa08e7df6b0; bundleID='com.apple.dt.runtime.swiftos', path='<DVTFilePath:0x7fa07e2606e0:'/Users/pascal/Library/Developer/Xcode/Archives/2019-10-11/Free Ruler 10-11-19, 1.08am.xcarchive/Products/Applications/Free Ruler.app/Contents/Frameworks/libswiftos.dylib'>', codeSigningInfo='<_DVTCodeSigningInformation_Path: 0x7fa07ae0d570; isSigned='1', isAdHocSigned='1', signingCertificate='(null)', entitlements='(null)', teamID='(null)', identifier='com.apple.dt.runtime.swiftos', executablePath='<DVTFilePath:0x7fa07e2606e0:'/Users/pascal/Library/Developer/Xcode/Archives/2019-10-11/Free Ruler 10-11-19, 1.08am.xcarchive/Products/Applications/Free Ruler.app/Contents/Frameworks/libswiftos.dylib'>', hardenedRuntime='0'>'>: {
}
2019-10-11 15:06:00 +0000  Writing entitlements for <IDEDistributionItem: 0x7fa08e7df6b0; bundleID='com.apple.dt.runtime.swiftos', path='<DVTFilePath:0x7fa07e2606e0:'/Users/pascal/Library/Developer/Xcode/Archives/2019-10-11/Free Ruler 10-11-19, 1.08am.xcarchive/Products/Applications/Free Ruler.app/Contents/Frameworks/libswiftos.dylib'>', codeSigningInfo='<_DVTCodeSigningInformation_Path: 0x7fa07ae0d570; isSigned='1', isAdHocSigned='1', signingCertificate='(null)', entitlements='(null)', teamID='(null)', identifier='com.apple.dt.runtime.swiftos', executablePath='<DVTFilePath:0x7fa07e2606e0:'/Users/pascal/Library/Developer/Xcode/Archives/2019-10-11/Free Ruler 10-11-19, 1.08am.xcarchive/Products/Applications/Free Ruler.app/Contents/Frameworks/libswiftos.dylib'>', hardenedRuntime='0'>'> to: /var/folders/83/prlhn3nn15n691ht3bfxltg80000gn/T/XcodeDistPipeline.~~~VfXgvB/entitlements~~~fTJxQi
2019-10-11 15:06:00 +0000  Running /usr/bin/codesign '-vvv' '--force' '--sign' 'C8A8FDB4C5BBDC72DEA8FC1E98F26BF1AA45A4BA' '--entitlements' '/var/folders/83/prlhn3nn15n691ht3bfxltg80000gn/T/XcodeDistPipeline.~~~VfXgvB/entitlements~~~fTJxQi' '--preserve-metadata=identifier,flags,runtime' '--requirements' '=designated => anchor apple generic  and identifier "$self.identifier" and ((cert leaf[field.1.2.840.113635.100.6.1.9] exists) or ( certificate 1[field.1.2.840.113635.100.6.2.6] exists and certificate leaf[field.1.2.840.113635.100.6.1.13] exists  and certificate leaf[subject.OU] = "X88CY268NZ" ))' '/var/folders/83/prlhn3nn15n691ht3bfxltg80000gn/T/XcodeDistPipeline.~~~VfXgvB/Root/Applications/Free Ruler.app/Contents/Frameworks/libswiftos.dylib'
2019-10-11 15:06:00 +0000  /var/folders/83/prlhn3nn15n691ht3bfxltg80000gn/T/XcodeDistPipeline.~~~VfXgvB/Root/Applications/Free Ruler.app/Contents/Frameworks/libswiftos.dylib: replacing existing signature
2019-10-11 15:06:00 +0000  /var/folders/83/prlhn3nn15n691ht3bfxltg80000gn/T/XcodeDistPipeline.~~~VfXgvB/Root/Applications/Free Ruler.app/Contents/Frameworks/libswiftos.dylib: signed Mach-O thin (x86_64) [com.apple.dt.runtime.swiftos]
2019-10-11 15:06:00 +0000  /usr/bin/codesign exited with 0
2019-10-11 15:06:00 +0000  Entitlements for <IDEDistributionItem: 0x7fa07b301ff0; bundleID='com.pascal.freeruler', path='<DVTFilePath:0x7fa07e103e80:'/Users/pascal/Library/Developer/Xcode/Archives/2019-10-11/Free Ruler 10-11-19, 1.08am.xcarchive/Products/Applications/Free Ruler.app'>', codeSigningInfo='<_DVTCodeSigningInformation_Path: 0x7fa07a715ec0; isSigned='1', isAdHocSigned='1', signingCertificate='(null)', entitlements='{
    "com.apple.security.app-sandbox" = 1;
    "com.apple.security.files.user-selected.read-only" = 1;
}', teamID='(null)', identifier='com.pascal.freeruler', executablePath='<DVTFilePath:0x7fa07a8a4d40:'/Users/pascal/Library/Developer/Xcode/Archives/2019-10-11/Free Ruler 10-11-19, 1.08am.xcarchive/Products/Applications/Free Ruler.app/Contents/MacOS/Free Ruler'>', hardenedRuntime='0'>'>: {
    "com.apple.security.app-sandbox" = 1;
    "com.apple.security.files.user-selected.read-only" = 1;
}
2019-10-11 15:06:00 +0000  Writing entitlements for <IDEDistributionItem: 0x7fa07b301ff0; bundleID='com.pascal.freeruler', path='<DVTFilePath:0x7fa07e103e80:'/Users/pascal/Library/Developer/Xcode/Archives/2019-10-11/Free Ruler 10-11-19, 1.08am.xcarchive/Products/Applications/Free Ruler.app'>', codeSigningInfo='<_DVTCodeSigningInformation_Path: 0x7fa07a715ec0; isSigned='1', isAdHocSigned='1', signingCertificate='(null)', entitlements='{
    "com.apple.security.app-sandbox" = 1;
    "com.apple.security.files.user-selected.read-only" = 1;
}', teamID='(null)', identifier='com.pascal.freeruler', executablePath='<DVTFilePath:0x7fa07a8a4d40:'/Users/pascal/Library/Developer/Xcode/Archives/2019-10-11/Free Ruler 10-11-19, 1.08am.xcarchive/Products/Applications/Free Ruler.app/Contents/MacOS/Free Ruler'>', hardenedRuntime='0'>'> to: /var/folders/83/prlhn3nn15n691ht3bfxltg80000gn/T/XcodeDistPipeline.~~~VfXgvB/entitlements~~~ju7lHW
2019-10-11 15:06:00 +0000  Running /usr/bin/codesign '-vvv' '--force' '--sign' 'C8A8FDB4C5BBDC72DEA8FC1E98F26BF1AA45A4BA' '--entitlements' '/var/folders/83/prlhn3nn15n691ht3bfxltg80000gn/T/XcodeDistPipeline.~~~VfXgvB/entitlements~~~ju7lHW' '--preserve-metadata=identifier,flags,runtime' '--requirements' '=designated => anchor apple generic  and identifier "$self.identifier" and ((cert leaf[field.1.2.840.113635.100.6.1.9] exists) or ( certificate 1[field.1.2.840.113635.100.6.2.6] exists and certificate leaf[field.1.2.840.113635.100.6.1.13] exists  and certificate leaf[subject.OU] = "X88CY268NZ" ))' '/var/folders/83/prlhn3nn15n691ht3bfxltg80000gn/T/XcodeDistPipeline.~~~VfXgvB/Root/Applications/Free Ruler.app'
2019-10-11 15:06:00 +0000  /var/folders/83/prlhn3nn15n691ht3bfxltg80000gn/T/XcodeDistPipeline.~~~VfXgvB/Root/Applications/Free Ruler.app: replacing existing signature
2019-10-11 15:06:00 +0000  /var/folders/83/prlhn3nn15n691ht3bfxltg80000gn/T/XcodeDistPipeline.~~~VfXgvB/Root/Applications/Free Ruler.app: signed app bundle with Mach-O thin (x86_64) [com.pascal.freeruler]
2019-10-11 15:06:00 +0000  /usr/bin/codesign exited with 0
2019-10-11 15:06:00 +0000  Processing step: IDEDistributionZipODRItemStep
2019-10-11 15:06:00 +0000  Skipping step: IDEDistributionZipODRItemStep because it said so
2019-10-11 15:06:00 +0000  Skipping step: IDEDistributionZipODRItemStep because it said so
2019-10-11 15:06:00 +0000  Skipping step: IDEDistributionZipODRItemStep because it said so
2019-10-11 15:06:00 +0000  Skipping step: IDEDistributionZipODRItemStep because it said so
2019-10-11 15:06:00 +0000  Skipping step: IDEDistributionZipODRItemStep because it said so
2019-10-11 15:06:00 +0000  Skipping step: IDEDistributionZipODRItemStep because it said so
2019-10-11 15:06:00 +0000  Skipping step: IDEDistributionZipODRItemStep because it said so
2019-10-11 15:06:00 +0000  Skipping step: IDEDistributionZipODRItemStep because it said so
2019-10-11 15:06:00 +0000  Skipping step: IDEDistributionZipODRItemStep because it said so
2019-10-11 15:06:00 +0000  Skipping step: IDEDistributionZipODRItemStep because it said so
2019-10-11 15:06:00 +0000  Skipping step: IDEDistributionZipODRItemStep because it said so
2019-10-11 15:06:00 +0000  Skipping step: IDEDistributionZipODRItemStep because it said so
2019-10-11 15:06:00 +0000  Skipping step: IDEDistributionZipODRItemStep because it said so
2019-10-11 15:06:00 +0000  Skipping step: IDEDistributionZipODRItemStep because it said so
2019-10-11 15:06:00 +0000  Skipping step: IDEDistributionZipODRItemStep because it said so
2019-10-11 15:06:00 +0000  Skipping step: IDEDistributionZipODRItemStep because it said so
2019-10-11 15:06:00 +0000  Processing step: IDEDistributionSkipPackagingStep
2019-10-11 15:06:00 +0000  Processing step: IDEDistributionAppStoreInformationStep
2019-10-11 15:06:00 +0000  Skipping step: IDEDistributionAppStoreInformationStep because it said so
2019-10-11 15:06:00 +0000  Processing step: IDEDistributionGenerateProcessedDistributionItems
2019-10-11 15:06:00 +0000  Processing step: IDEDistributionCreateManifestStep
2019-10-11 15:06:00 +0000  Skipping step: IDEDistributionCreateManifestStep because it said so
